[2020-11-07 15:05:09.914] [jointLog] [info] Fragment incompatibility prior below threshold.  Incompatible fragments will be ignored.
[2020-11-07 15:05:09.914] [jointLog] [info] Usage of --useErrorModel implies use of range factorization. rangeFactorization bins is being set to 4
[2020-11-07 15:05:09.914] [jointLog] [info] numQuantThreads = 4
[2020-11-07 15:05:09.915] [jointLog] [warning] Fragment GC bias correction is currently *experimental* in single-end libraries.  Please use this option with caution.
[2020-11-07 15:05:10.357] [jointLog] [warning] Transcript gene-ND5 appears in the reference but did not appear in the BAM
[2020-11-07 15:05:10.357] [jointLog] [warning] Transcript id-ND5 appears in the reference but did not appear in the BAM
[2020-11-07 15:05:10.357] [jointLog] [warning] Transcript gene-ND1 appears in the reference but did not appear in the BAM
[2020-11-07 15:05:10.357] [jointLog] [warning] Transcript gene-CYTB appears in the reference but did not appear in the BAM
[2020-11-07 15:05:10.357] [jointLog] [warning] Transcript gene-ND2 appears in the reference but did not appear in the BAM
[2020-11-07 15:05:10.357] [jointLog] [warning] Transcript gene-ND6 appears in the reference but did not appear in the BAM
[2020-11-07 15:05:10.357] [jointLog] [warning] Transcript gene-ATP6 appears in the reference but did not appear in the BAM
[2020-11-07 15:05:10.357] [jointLog] [warning] Transcript gene-ND4 appears in the reference but did not appear in the BAM
[2020-11-07 15:05:10.357] [jointLog] [warning] Transcript gene-COX3 appears in the reference but did not appear in the BAM
[2020-11-07 15:05:10.357] [jointLog] [warning] Transcript gene-COX2 appears in the reference but did not appear in the BAM
[2020-11-07 15:05:10.357] [jointLog] [warning] Transcript gene-ND4L appears in the reference but did not appear in the BAM
[2020-11-07 15:05:10.357] [jointLog] [warning] Transcript gene-ND3 appears in the reference but did not appear in the BAM
[2020-11-07 15:05:10.357] [jointLog] [warning] Transcript gene-ATP8 appears in the reference but did not appear in the BAM
[2020-11-07 15:05:10.357] [jointLog] [warning] Transcript gene-COX1 appears in the reference but did not appear in the BAM
[2020-11-07 15:05:11.569] [fileLog] [info] quantification processed 0 fragments so far

[2020-11-07 15:05:11.570] [fileLog] [info] quantification processed 63082 fragments so far

[2020-11-07 15:05:11.345] [jointLog] [info] replaced 2253 non-ACGT nucleotides with random nucleotides
[2020-11-07 15:05:11.937] [jointLog] [info] Thread saw mini-batch with a maximum of 4.00% zero probability fragments
[2020-11-07 15:05:11.938] [jointLog] [info] Thread saw mini-batch with a maximum of 8.54% zero probability fragments
[2020-11-07 15:05:11.938] [jointLog] [info] Thread saw mini-batch with a maximum of 3.40% zero probability fragments
[2020-11-07 15:05:11.951] [jointLog] [info] Thread saw mini-batch with a maximum of 3.60% zero probability fragments
[2020-11-07 15:05:11.951] [jointLog] [info] 


Completed first pass through the alignment file.
Total # of mapped reads : 63082
# of uniquely mapped reads : 52172
# ambiguously mapped reads : 10910



[2020-11-07 15:05:11.957] [jointLog] [info] Computed 1344 rich equivalence classes for further processing
[2020-11-07 15:05:11.957] [jointLog] [info] Counted 61413 total reads in the equivalence classes 
[2020-11-07 15:05:11.960] [jointLog] [warning] Only 63082 fragments were mapped, but the number of burn-in fragments was set to 5000000.
The effective lengths have been computed using the observed mappings.

[2020-11-07 15:05:11.960] [jointLog] [info] starting optimizer
[2020-11-07 15:05:11.968] [jointLog] [info] Marked 0 weighted equivalence classes as degenerate
[2020-11-07 15:05:11.969] [jointLog] [info] iteration = 0 | max rel diff. = 2.84708
[2020-11-07 15:05:11.972] [jointLog] [info] iteration 11, adjusting effective lengths to account for biases
[2020-11-07 15:05:13.027] [jointLog] [info] Computed expected counts (for bias correction)
[2020-11-07 15:05:13.027] [jointLog] [info] processed bias for 0.0% of the transcripts
[2020-11-07 15:05:14.114] [jointLog] [info] processed bias for 100.0% of the transcripts
[2020-11-07 15:05:14.134] [jointLog] [info] iteration = 100 | max rel diff. = 0.0666667
[2020-11-07 15:05:14.157] [jointLog] [info] iteration = 200 | max rel diff. = 0.0322581
[2020-11-07 15:05:14.180] [jointLog] [info] iteration = 300 | max rel diff. = 0.0292346
[2020-11-07 15:05:14.194] [jointLog] [info] iteration = 361 | max rel diff. = 0.00313317
[2020-11-07 15:05:14.197] [jointLog] [info] finished optimizer
[2020-11-07 15:35:10.744] [jointLog] [info] Fragment incompatibility prior below threshold.  Incompatible fragments will be ignored.
[2020-11-07 15:35:10.745] [jointLog] [info] Usage of --useErrorModel implies use of range factorization. rangeFactorization bins is being set to 4
[2020-11-07 15:35:10.745] [jointLog] [info] numQuantThreads = 4
[2020-11-07 15:35:11.175] [jointLog] [warning] Transcript gene-ND5 appears in the reference but did not appear in the BAM
[2020-11-07 15:35:11.175] [jointLog] [warning] Transcript id-ND5 appears in the reference but did not appear in the BAM
[2020-11-07 15:35:11.175] [jointLog] [warning] Transcript gene-ND1 appears in the reference but did not appear in the BAM
[2020-11-07 15:35:11.175] [jointLog] [warning] Transcript gene-CYTB appears in the reference but did not appear in the BAM
[2020-11-07 15:35:11.175] [jointLog] [warning] Transcript gene-ND2 appears in the reference but did not appear in the BAM
[2020-11-07 15:35:11.175] [jointLog] [warning] Transcript gene-ND6 appears in the reference but did not appear in the BAM
[2020-11-07 15:35:11.175] [jointLog] [warning] Transcript gene-ATP6 appears in the reference but did not appear in the BAM
[2020-11-07 15:35:11.175] [jointLog] [warning] Transcript gene-ND4 appears in the reference but did not appear in the BAM
[2020-11-07 15:35:11.175] [jointLog] [warning] Transcript gene-COX3 appears in the reference but did not appear in the BAM
[2020-11-07 15:35:11.175] [jointLog] [warning] Transcript gene-COX2 appears in the reference but did not appear in the BAM
[2020-11-07 15:35:11.175] [jointLog] [warning] Transcript gene-ND4L appears in the reference but did not appear in the BAM
[2020-11-07 15:35:11.175] [jointLog] [warning] Transcript gene-ND3 appears in the reference but did not appear in the BAM
[2020-11-07 15:35:11.175] [jointLog] [warning] Transcript gene-ATP8 appears in the reference but did not appear in the BAM
[2020-11-07 15:35:11.175] [jointLog] [warning] Transcript gene-COX1 appears in the reference but did not appear in the BAM
[2020-11-07 15:35:11.773] [jointLog] [info] replaced 2253 non-ACGT nucleotides with random nucleotides
[2020-11-07 15:35:11.999] [fileLog] [info] quantification processed 0 fragments so far

[2020-11-07 15:35:12.000] [fileLog] [info] quantification processed 63082 fragments so far

[2020-11-07 15:35:12.370] [jointLog] [info] Thread saw mini-batch with a maximum of 3.40% zero probability fragments
[2020-11-07 15:35:12.370] [jointLog] [info] Thread saw mini-batch with a maximum of 8.54% zero probability fragments
[2020-11-07 15:35:12.374] [jointLog] [info] Thread saw mini-batch with a maximum of 3.40% zero probability fragments
[2020-11-07 15:35:12.386] [jointLog] [info] Thread saw mini-batch with a maximum of 4.00% zero probability fragments
[2020-11-07 15:35:12.386] [jointLog] [info] 


Completed first pass through the alignment file.
Total # of mapped reads : 63082
# of uniquely mapped reads : 52172
# ambiguously mapped reads : 10910



[2020-11-07 15:35:12.391] [jointLog] [info] Computed 1344 rich equivalence classes for further processing
[2020-11-07 15:35:12.391] [jointLog] [info] Counted 61413 total reads in the equivalence classes 
[2020-11-07 15:35:12.394] [jointLog] [warning] Only 63082 fragments were mapped, but the number of burn-in fragments was set to 5000000.
The effective lengths have been computed using the observed mappings.

[2020-11-07 15:35:12.394] [jointLog] [info] starting optimizer
[2020-11-07 15:35:12.403] [jointLog] [info] Marked 0 weighted equivalence classes as degenerate
[2020-11-07 15:35:12.403] [jointLog] [info] iteration = 0 | max rel diff. = 2.97492
[2020-11-07 15:35:12.425] [jointLog] [info] iteration = 100 | max rel diff. = 0.108067
[2020-11-07 15:35:12.446] [jointLog] [info] iteration = 200 | max rel diff. = 0.0483512
[2020-11-07 15:35:12.467] [jointLog] [info] iteration = 300 | max rel diff. = 0.0271913
[2020-11-07 15:35:12.488] [jointLog] [info] iteration = 400 | max rel diff. = 0.0230292
[2020-11-07 15:35:12.509] [jointLog] [info] iteration = 500 | max rel diff. = 0.0161399
[2020-11-07 15:35:12.530] [jointLog] [info] iteration = 600 | max rel diff. = 0.0152041
[2020-11-07 15:35:12.551] [jointLog] [info] iteration = 700 | max rel diff. = 0.0121629
[2020-11-07 15:35:12.566] [jointLog] [info] iteration = 773 | max rel diff. = 0.00951264
[2020-11-07 15:35:12.567] [jointLog] [info] finished optimizer
