[2020-11-07 15:04:01.197] [jointLog] [info] Fragment incompatibility prior below threshold.  Incompatible fragments will be ignored.
[2020-11-07 15:04:01.197] [jointLog] [info] Usage of --useErrorModel implies use of range factorization. rangeFactorization bins is being set to 4
[2020-11-07 15:04:01.201] [jointLog] [info] numQuantThreads = 4
[2020-11-07 15:04:01.202] [jointLog] [warning] Fragment GC bias correction is currently *experimental* in single-end libraries.  Please use this option with caution.
[2020-11-07 15:04:02.235] [fileLog] [info] quantification processed 0 fragments so far

[2020-11-07 15:04:02.236] [fileLog] [info] quantification processed 79139 fragments so far

[2020-11-07 15:04:02.018] [jointLog] [info] replaced 1471 non-ACGT nucleotides with random nucleotides
[2020-11-07 15:04:02.552] [jointLog] [info] Thread saw mini-batch with a maximum of 6.40% zero probability fragments
[2020-11-07 15:04:02.561] [jointLog] [info] Thread saw mini-batch with a maximum of 6.00% zero probability fragments
[2020-11-07 15:04:02.562] [jointLog] [info] Thread saw mini-batch with a maximum of 5.80% zero probability fragments
[2020-11-07 15:04:02.564] [jointLog] [info] Thread saw mini-batch with a maximum of 6.00% zero probability fragments
[2020-11-07 15:04:02.564] [jointLog] [info] 


Completed first pass through the alignment file.
Total # of mapped reads : 79139
# of uniquely mapped reads : 74017
# ambiguously mapped reads : 5122



[2020-11-07 15:04:02.571] [jointLog] [info] Computed 2028 rich equivalence classes for further processing
[2020-11-07 15:04:02.571] [jointLog] [info] Counted 75304 total reads in the equivalence classes 
[2020-11-07 15:04:02.573] [jointLog] [warning] Only 79139 fragments were mapped, but the number of burn-in fragments was set to 5000000.
The effective lengths have been computed using the observed mappings.

[2020-11-07 15:04:02.573] [jointLog] [info] starting optimizer
[2020-11-07 15:04:02.578] [jointLog] [info] Marked 0 weighted equivalence classes as degenerate
[2020-11-07 15:04:02.579] [jointLog] [info] iteration = 0 | max rel diff. = 7.07668
[2020-11-07 15:04:02.581] [jointLog] [info] iteration 11, adjusting effective lengths to account for biases
[2020-11-07 15:04:03.568] [jointLog] [info] Computed expected counts (for bias correction)
[2020-11-07 15:04:03.569] [jointLog] [info] processed bias for 0.0% of the transcripts
[2020-11-07 15:04:04.597] [jointLog] [info] processed bias for 100.0% of the transcripts
[2020-11-07 15:04:04.612] [jointLog] [info] iteration = 100 | max rel diff. = 0.0624996
[2020-11-07 15:04:04.628] [jointLog] [info] iteration = 200 | max rel diff. = 0.0232558
[2020-11-07 15:04:04.643] [jointLog] [info] iteration = 300 | max rel diff. = 0.0232558
[2020-11-07 15:04:04.659] [jointLog] [info] iteration = 400 | max rel diff. = 0.0163934
[2020-11-07 15:04:04.675] [jointLog] [info] iteration = 500 | max rel diff. = 0.0163934
[2020-11-07 15:04:04.682] [jointLog] [info] iteration = 547 | max rel diff. = 3.1574e-05
[2020-11-07 15:04:04.684] [jointLog] [info] finished optimizer
[2020-11-07 15:33:57.424] [jointLog] [info] Fragment incompatibility prior below threshold.  Incompatible fragments will be ignored.
[2020-11-07 15:33:57.424] [jointLog] [info] Usage of --useErrorModel implies use of range factorization. rangeFactorization bins is being set to 4
[2020-11-07 15:33:57.427] [jointLog] [info] numQuantThreads = 4
[2020-11-07 15:33:58.060] [jointLog] [info] replaced 1471 non-ACGT nucleotides with random nucleotides
[2020-11-07 15:33:58.280] [fileLog] [info] quantification processed 0 fragments so far

[2020-11-07 15:33:58.281] [fileLog] [info] quantification processed 79139 fragments so far

[2020-11-07 15:33:58.648] [jointLog] [info] Thread saw mini-batch with a maximum of 6.20% zero probability fragments
[2020-11-07 15:33:58.651] [jointLog] [info] Thread saw mini-batch with a maximum of 6.40% zero probability fragments
[2020-11-07 15:33:58.659] [jointLog] [info] Thread saw mini-batch with a maximum of 5.80% zero probability fragments
[2020-11-07 15:33:58.661] [jointLog] [info] Thread saw mini-batch with a maximum of 6.00% zero probability fragments
[2020-11-07 15:33:58.661] [jointLog] [info] 


Completed first pass through the alignment file.
Total # of mapped reads : 79139
# of uniquely mapped reads : 74017
# ambiguously mapped reads : 5122



[2020-11-07 15:33:58.666] [jointLog] [info] Computed 2028 rich equivalence classes for further processing
[2020-11-07 15:33:58.666] [jointLog] [info] Counted 75304 total reads in the equivalence classes 
[2020-11-07 15:33:58.669] [jointLog] [warning] Only 79139 fragments were mapped, but the number of burn-in fragments was set to 5000000.
The effective lengths have been computed using the observed mappings.

[2020-11-07 15:33:58.669] [jointLog] [info] starting optimizer
[2020-11-07 15:33:58.675] [jointLog] [info] Marked 0 weighted equivalence classes as degenerate
[2020-11-07 15:33:58.675] [jointLog] [info] iteration = 0 | max rel diff. = 7.30591
[2020-11-07 15:33:58.692] [jointLog] [info] iteration = 100 | max rel diff. = 0.0403307
[2020-11-07 15:33:58.708] [jointLog] [info] iteration = 200 | max rel diff. = 0.0402713
[2020-11-07 15:33:58.725] [jointLog] [info] iteration = 300 | max rel diff. = 0.0181004
[2020-11-07 15:33:58.741] [jointLog] [info] iteration = 400 | max rel diff. = 0.0181683
[2020-11-07 15:33:58.756] [jointLog] [info] iteration = 493 | max rel diff. = 0.00665831
[2020-11-07 15:33:58.757] [jointLog] [info] finished optimizer
