[2020-11-07 15:04:14.575] [jointLog] [info] Fragment incompatibility prior below threshold.  Incompatible fragments will be ignored.
[2020-11-07 15:04:14.575] [jointLog] [info] Usage of --useErrorModel implies use of range factorization. rangeFactorization bins is being set to 4
[2020-11-07 15:04:14.577] [jointLog] [info] numQuantThreads = 4
[2020-11-07 15:04:14.578] [jointLog] [warning] Fragment GC bias correction is currently *experimental* in single-end libraries.  Please use this option with caution.
[2020-11-07 15:04:15.029] [jointLog] [warning] Transcript gene-ND5 appears in the reference but did not appear in the BAM
[2020-11-07 15:04:15.029] [jointLog] [warning] Transcript id-ND5 appears in the reference but did not appear in the BAM
[2020-11-07 15:04:15.029] [jointLog] [warning] Transcript gene-ND1 appears in the reference but did not appear in the BAM
[2020-11-07 15:04:15.029] [jointLog] [warning] Transcript gene-CYTB appears in the reference but did not appear in the BAM
[2020-11-07 15:04:15.029] [jointLog] [warning] Transcript gene-ND2 appears in the reference but did not appear in the BAM
[2020-11-07 15:04:15.029] [jointLog] [warning] Transcript gene-ND6 appears in the reference but did not appear in the BAM
[2020-11-07 15:04:15.029] [jointLog] [warning] Transcript gene-ATP6 appears in the reference but did not appear in the BAM
[2020-11-07 15:04:15.029] [jointLog] [warning] Transcript gene-ND4 appears in the reference but did not appear in the BAM
[2020-11-07 15:04:15.029] [jointLog] [warning] Transcript gene-COX3 appears in the reference but did not appear in the BAM
[2020-11-07 15:04:15.029] [jointLog] [warning] Transcript gene-COX2 appears in the reference but did not appear in the BAM
[2020-11-07 15:04:15.029] [jointLog] [warning] Transcript gene-ND4L appears in the reference but did not appear in the BAM
[2020-11-07 15:04:15.029] [jointLog] [warning] Transcript gene-ND3 appears in the reference but did not appear in the BAM
[2020-11-07 15:04:15.029] [jointLog] [warning] Transcript gene-ATP8 appears in the reference but did not appear in the BAM
[2020-11-07 15:04:15.029] [jointLog] [warning] Transcript gene-COX1 appears in the reference but did not appear in the BAM
[2020-11-07 15:04:16.060] [jointLog] [info] replaced 2253 non-ACGT nucleotides with random nucleotides
[2020-11-07 15:04:16.294] [fileLog] [info] quantification processed 0 fragments so far

[2020-11-07 15:04:16.879] [fileLog] [info] quantification processed 1000000 fragments so far

[2020-11-07 15:04:18.037] [fileLog] [info] quantification processed 2000000 fragments so far

[2020-11-07 15:04:18.390] [jointLog] [info] 

The alignment group queue pool has been exhausted.  882808 extra fragments were allocated on the heap to saturate the pool.  No new fragments will be allocated


[2020-11-07 15:04:19.019] [fileLog] [info] quantification processed 2384828 fragments so far

[2020-11-07 15:04:34.414] [jointLog] [info] Thread saw mini-batch with a maximum of 5.80% zero probability fragments
[2020-11-07 15:04:34.423] [jointLog] [info] Thread saw mini-batch with a maximum of 6.00% zero probability fragments
[2020-11-07 15:04:34.426] [jointLog] [info] Thread saw mini-batch with a maximum of 6.30% zero probability fragments
[2020-11-07 15:04:34.428] [jointLog] [info] Thread saw mini-batch with a maximum of 6.10% zero probability fragments
[2020-11-07 15:04:34.429] [jointLog] [info] 


Completed first pass through the alignment file.
Total # of mapped reads : 2384828
# of uniquely mapped reads : 1757155
# ambiguously mapped reads : 627673



[2020-11-07 15:04:34.449] [jointLog] [info] Computed 23133 rich equivalence classes for further processing
[2020-11-07 15:04:34.449] [jointLog] [info] Counted 2289239 total reads in the equivalence classes 
[2020-11-07 15:04:34.452] [jointLog] [warning] Only 2384828 fragments were mapped, but the number of burn-in fragments was set to 5000000.
The effective lengths have been computed using the observed mappings.

[2020-11-07 15:04:34.453] [jointLog] [info] starting optimizer
[2020-11-07 15:04:34.463] [jointLog] [info] Marked 0 weighted equivalence classes as degenerate
[2020-11-07 15:04:34.464] [jointLog] [info] iteration = 0 | max rel diff. = 100.234
[2020-11-07 15:04:34.472] [jointLog] [info] iteration 11, adjusting effective lengths to account for biases
[2020-11-07 15:04:47.819] [jointLog] [info] Computed expected counts (for bias correction)
[2020-11-07 15:04:47.820] [jointLog] [info] processed bias for 0.0% of the transcripts
[2020-11-07 15:04:49.945] [jointLog] [info] processed bias for 10.0% of the transcripts
[2020-11-07 15:04:52.058] [jointLog] [info] processed bias for 20.0% of the transcripts
[2020-11-07 15:04:54.148] [jointLog] [info] processed bias for 30.0% of the transcripts
[2020-11-07 15:04:56.193] [jointLog] [info] processed bias for 40.0% of the transcripts
[2020-11-07 15:04:58.239] [jointLog] [info] processed bias for 50.0% of the transcripts
[2020-11-07 15:05:00.363] [jointLog] [info] processed bias for 60.0% of the transcripts
[2020-11-07 15:05:01.592] [jointLog] [info] processed bias for 100.0% of the transcripts
[2020-11-07 15:05:01.655] [jointLog] [info] iteration = 100 | max rel diff. = 0.145565
[2020-11-07 15:05:01.723] [jointLog] [info] iteration = 200 | max rel diff. = 0.0688926
[2020-11-07 15:05:01.791] [jointLog] [info] iteration = 300 | max rel diff. = 0.0329632
[2020-11-07 15:05:01.859] [jointLog] [info] iteration = 400 | max rel diff. = 0.0288779
[2020-11-07 15:05:01.927] [jointLog] [info] iteration = 500 | max rel diff. = 0.0191432
[2020-11-07 15:05:01.996] [jointLog] [info] iteration = 600 | max rel diff. = 0.0173896
[2020-11-07 15:05:02.065] [jointLog] [info] iteration = 700 | max rel diff. = 0.01624
[2020-11-07 15:05:02.137] [jointLog] [info] iteration = 800 | max rel diff. = 0.0129532
[2020-11-07 15:05:02.209] [jointLog] [info] iteration = 900 | max rel diff. = 0.0129532
[2020-11-07 15:05:02.281] [jointLog] [info] iteration = 1000 | max rel diff. = 0.0129532
[2020-11-07 15:05:02.293] [jointLog] [info] iteration = 1017 | max rel diff. = 0.00977164
[2020-11-07 15:05:02.296] [jointLog] [info] finished optimizer
[2020-11-07 15:34:05.643] [jointLog] [info] Fragment incompatibility prior below threshold.  Incompatible fragments will be ignored.
[2020-11-07 15:34:05.643] [jointLog] [info] Usage of --useErrorModel implies use of range factorization. rangeFactorization bins is being set to 4
[2020-11-07 15:34:05.645] [jointLog] [info] numQuantThreads = 4
[2020-11-07 15:34:06.069] [jointLog] [warning] Transcript gene-ND5 appears in the reference but did not appear in the BAM
[2020-11-07 15:34:06.069] [jointLog] [warning] Transcript id-ND5 appears in the reference but did not appear in the BAM
[2020-11-07 15:34:06.069] [jointLog] [warning] Transcript gene-ND1 appears in the reference but did not appear in the BAM
[2020-11-07 15:34:06.069] [jointLog] [warning] Transcript gene-CYTB appears in the reference but did not appear in the BAM
[2020-11-07 15:34:06.069] [jointLog] [warning] Transcript gene-ND2 appears in the reference but did not appear in the BAM
[2020-11-07 15:34:06.069] [jointLog] [warning] Transcript gene-ND6 appears in the reference but did not appear in the BAM
[2020-11-07 15:34:06.069] [jointLog] [warning] Transcript gene-ATP6 appears in the reference but did not appear in the BAM
[2020-11-07 15:34:06.069] [jointLog] [warning] Transcript gene-ND4 appears in the reference but did not appear in the BAM
[2020-11-07 15:34:06.069] [jointLog] [warning] Transcript gene-COX3 appears in the reference but did not appear in the BAM
[2020-11-07 15:34:06.069] [jointLog] [warning] Transcript gene-COX2 appears in the reference but did not appear in the BAM
[2020-11-07 15:34:06.069] [jointLog] [warning] Transcript gene-ND4L appears in the reference but did not appear in the BAM
[2020-11-07 15:34:06.069] [jointLog] [warning] Transcript gene-ND3 appears in the reference but did not appear in the BAM
[2020-11-07 15:34:06.069] [jointLog] [warning] Transcript gene-ATP8 appears in the reference but did not appear in the BAM
[2020-11-07 15:34:06.069] [jointLog] [warning] Transcript gene-COX1 appears in the reference but did not appear in the BAM
[2020-11-07 15:34:06.690] [jointLog] [info] replaced 2253 non-ACGT nucleotides with random nucleotides
[2020-11-07 15:34:06.923] [fileLog] [info] quantification processed 0 fragments so far

[2020-11-07 15:34:07.238] [fileLog] [info] quantification processed 1000000 fragments so far

[2020-11-07 15:34:07.840] [fileLog] [info] quantification processed 2000000 fragments so far

[2020-11-07 15:34:07.932] [jointLog] [info] 

The alignment group queue pool has been exhausted.  882813 extra fragments were allocated on the heap to saturate the pool.  No new fragments will be allocated


[2020-11-07 15:34:09.566] [fileLog] [info] quantification processed 2384828 fragments so far

[2020-11-07 15:34:24.356] [jointLog] [info] Thread saw mini-batch with a maximum of 6.10% zero probability fragments
[2020-11-07 15:34:24.371] [jointLog] [info] Thread saw mini-batch with a maximum of 5.80% zero probability fragments
[2020-11-07 15:34:24.372] [jointLog] [info] Thread saw mini-batch with a maximum of 6.30% zero probability fragments
[2020-11-07 15:34:24.374] [jointLog] [info] Thread saw mini-batch with a maximum of 5.90% zero probability fragments
[2020-11-07 15:34:24.374] [jointLog] [info] 


Completed first pass through the alignment file.
Total # of mapped reads : 2384828
# of uniquely mapped reads : 1757155
# ambiguously mapped reads : 627673



[2020-11-07 15:34:24.391] [jointLog] [info] Computed 23161 rich equivalence classes for further processing
[2020-11-07 15:34:24.391] [jointLog] [info] Counted 2289239 total reads in the equivalence classes 
[2020-11-07 15:34:24.395] [jointLog] [warning] Only 2384828 fragments were mapped, but the number of burn-in fragments was set to 5000000.
The effective lengths have been computed using the observed mappings.

[2020-11-07 15:34:24.397] [jointLog] [info] starting optimizer
[2020-11-07 15:34:24.408] [jointLog] [info] Marked 0 weighted equivalence classes as degenerate
[2020-11-07 15:34:24.409] [jointLog] [info] iteration = 0 | max rel diff. = 102.881
[2020-11-07 15:34:24.480] [jointLog] [info] iteration = 100 | max rel diff. = 0.111714
[2020-11-07 15:34:24.549] [jointLog] [info] iteration = 200 | max rel diff. = 0.0544896
[2020-11-07 15:34:24.619] [jointLog] [info] iteration = 300 | max rel diff. = 0.0349606
[2020-11-07 15:34:24.688] [jointLog] [info] iteration = 400 | max rel diff. = 0.0284642
[2020-11-07 15:34:24.758] [jointLog] [info] iteration = 500 | max rel diff. = 0.0247124
[2020-11-07 15:34:24.827] [jointLog] [info] iteration = 600 | max rel diff. = 0.0179016
[2020-11-07 15:34:24.895] [jointLog] [info] iteration = 700 | max rel diff. = 0.0156422
[2020-11-07 15:34:24.963] [jointLog] [info] iteration = 800 | max rel diff. = 0.0136399
[2020-11-07 15:34:25.031] [jointLog] [info] iteration = 900 | max rel diff. = 0.0117362
[2020-11-07 15:34:25.099] [jointLog] [info] iteration = 1000 | max rel diff. = 0.0104707
[2020-11-07 15:34:25.168] [jointLog] [info] iteration = 1100 | max rel diff. = 0.0103002
[2020-11-07 15:34:25.171] [jointLog] [info] iteration = 1106 | max rel diff. = 0.00953001
[2020-11-07 15:34:25.172] [jointLog] [info] finished optimizer
