[2020-11-07 15:03:16.799] [jointLog] [info] Fragment incompatibility prior below threshold.  Incompatible fragments will be ignored.
[2020-11-07 15:03:16.800] [jointLog] [info] Usage of --useErrorModel implies use of range factorization. rangeFactorization bins is being set to 4
[2020-11-07 15:03:16.805] [jointLog] [info] numQuantThreads = 4
[2020-11-07 15:03:16.806] [jointLog] [warning] Fragment GC bias correction is currently *experimental* in single-end libraries.  Please use this option with caution.
[2020-11-07 15:03:17.842] [fileLog] [info] quantification processed 0 fragments so far

[2020-11-07 15:03:17.608] [jointLog] [info] replaced 1471 non-ACGT nucleotides with random nucleotides
[2020-11-07 15:03:18.243] [fileLog] [info] quantification processed 1000000 fragments so far

[2020-11-07 15:03:18.440] [fileLog] [info] quantification processed 1176615 fragments so far

[2020-11-07 15:03:24.584] [jointLog] [info] Thread saw mini-batch with a maximum of 6.60% zero probability fragments
[2020-11-07 15:03:24.589] [jointLog] [info] Thread saw mini-batch with a maximum of 6.80% zero probability fragments
[2020-11-07 15:03:24.592] [jointLog] [info] Thread saw mini-batch with a maximum of 6.90% zero probability fragments
[2020-11-07 15:03:24.594] [jointLog] [info] Thread saw mini-batch with a maximum of 7.10% zero probability fragments
[2020-11-07 15:03:24.594] [jointLog] [info] 


Completed first pass through the alignment file.
Total # of mapped reads : 1176615
# of uniquely mapped reads : 1114164
# ambiguously mapped reads : 62451



[2020-11-07 15:03:24.602] [jointLog] [info] Computed 4121 rich equivalence classes for further processing
[2020-11-07 15:03:24.602] [jointLog] [info] Counted 1121483 total reads in the equivalence classes 
[2020-11-07 15:03:24.621] [jointLog] [warning] Only 1176615 fragments were mapped, but the number of burn-in fragments was set to 5000000.
The effective lengths have been computed using the observed mappings.

[2020-11-07 15:03:24.621] [jointLog] [info] starting optimizer
[2020-11-07 15:03:24.654] [jointLog] [info] Marked 0 weighted equivalence classes as degenerate
[2020-11-07 15:03:24.655] [jointLog] [info] iteration = 0 | max rel diff. = 95.3027
[2020-11-07 15:03:24.657] [jointLog] [info] iteration 11, adjusting effective lengths to account for biases
[2020-11-07 15:03:26.494] [jointLog] [info] Computed expected counts (for bias correction)
[2020-11-07 15:03:26.495] [jointLog] [info] processed bias for 0.0% of the transcripts
[2020-11-07 15:03:27.676] [jointLog] [info] processed bias for 10.0% of the transcripts
[2020-11-07 15:03:28.393] [jointLog] [info] processed bias for 100.0% of the transcripts
[2020-11-07 15:03:28.412] [jointLog] [info] iteration = 100 | max rel diff. = 0.072225
[2020-11-07 15:03:28.432] [jointLog] [info] iteration = 200 | max rel diff. = 0.0362879
[2020-11-07 15:03:28.453] [jointLog] [info] iteration = 300 | max rel diff. = 0.0294119
[2020-11-07 15:03:28.455] [jointLog] [info] iteration = 314 | max rel diff. = 0.0087977
[2020-11-07 15:03:28.457] [jointLog] [info] finished optimizer
[2020-11-07 15:33:59.142] [jointLog] [info] Fragment incompatibility prior below threshold.  Incompatible fragments will be ignored.
[2020-11-07 15:33:59.142] [jointLog] [info] Usage of --useErrorModel implies use of range factorization. rangeFactorization bins is being set to 4
[2020-11-07 15:33:59.142] [jointLog] [info] numQuantThreads = 4
[2020-11-07 15:33:59.782] [jointLog] [info] replaced 1471 non-ACGT nucleotides with random nucleotides
[2020-11-07 15:34:00.004] [fileLog] [info] quantification processed 0 fragments so far

[2020-11-07 15:34:00.434] [fileLog] [info] quantification processed 1000000 fragments so far

[2020-11-07 15:34:00.628] [fileLog] [info] quantification processed 1176615 fragments so far

[2020-11-07 15:34:06.646] [jointLog] [info] Thread saw mini-batch with a maximum of 7.10% zero probability fragments
[2020-11-07 15:34:06.657] [jointLog] [info] Thread saw mini-batch with a maximum of 6.50% zero probability fragments
[2020-11-07 15:34:06.658] [jointLog] [info] Thread saw mini-batch with a maximum of 6.90% zero probability fragments
[2020-11-07 15:34:06.660] [jointLog] [info] Thread saw mini-batch with a maximum of 6.80% zero probability fragments
[2020-11-07 15:34:06.660] [jointLog] [info] 


Completed first pass through the alignment file.
Total # of mapped reads : 1176615
# of uniquely mapped reads : 1114164
# ambiguously mapped reads : 62451



[2020-11-07 15:34:06.667] [jointLog] [info] Computed 4121 rich equivalence classes for further processing
[2020-11-07 15:34:06.667] [jointLog] [info] Counted 1121483 total reads in the equivalence classes 
[2020-11-07 15:34:06.670] [jointLog] [warning] Only 1176615 fragments were mapped, but the number of burn-in fragments was set to 5000000.
The effective lengths have been computed using the observed mappings.

[2020-11-07 15:34:06.673] [jointLog] [info] starting optimizer
[2020-11-07 15:34:06.679] [jointLog] [info] Marked 0 weighted equivalence classes as degenerate
[2020-11-07 15:34:06.679] [jointLog] [info] iteration = 0 | max rel diff. = 98.0223
[2020-11-07 15:34:06.700] [jointLog] [info] iteration = 100 | max rel diff. = 0.0802915
[2020-11-07 15:34:06.720] [jointLog] [info] iteration = 200 | max rel diff. = 0.0379696
[2020-11-07 15:34:06.740] [jointLog] [info] iteration = 300 | max rel diff. = 0.0240456
[2020-11-07 15:34:06.760] [jointLog] [info] iteration = 400 | max rel diff. = 0.0223587
[2020-11-07 15:34:06.780] [jointLog] [info] iteration = 500 | max rel diff. = 0.0191077
[2020-11-07 15:34:06.800] [jointLog] [info] iteration = 600 | max rel diff. = 0.0181324
[2020-11-07 15:34:06.806] [jointLog] [info] iteration = 630 | max rel diff. = 0.00925485
[2020-11-07 15:34:06.807] [jointLog] [info] finished optimizer
