[2020-11-07 15:08:14.785] [jointLog] [info] Fragment incompatibility prior below threshold.  Incompatible fragments will be ignored.
[2020-11-07 15:08:14.785] [jointLog] [info] Usage of --useErrorModel implies use of range factorization. rangeFactorization bins is being set to 4
[2020-11-07 15:08:14.789] [jointLog] [info] numQuantThreads = 4
[2020-11-07 15:08:14.790] [jointLog] [warning] Fragment GC bias correction is currently *experimental* in single-end libraries.  Please use this option with caution.
[2020-11-07 15:08:15.798] [fileLog] [info] quantification processed 0 fragments so far

[2020-11-07 15:08:15.801] [fileLog] [info] quantification processed 364346 fragments so far

[2020-11-07 15:08:15.576] [jointLog] [info] replaced 1471 non-ACGT nucleotides with random nucleotides
[2020-11-07 15:08:17.489] [jointLog] [info] Thread saw mini-batch with a maximum of 4.30% zero probability fragments
[2020-11-07 15:08:17.491] [jointLog] [info] Thread saw mini-batch with a maximum of 4.40% zero probability fragments
[2020-11-07 15:08:17.502] [jointLog] [info] Thread saw mini-batch with a maximum of 4.40% zero probability fragments
[2020-11-07 15:08:17.502] [jointLog] [info] Thread saw mini-batch with a maximum of 4.50% zero probability fragments
[2020-11-07 15:08:17.502] [jointLog] [info] 


Completed first pass through the alignment file.
Total # of mapped reads : 364346
# of uniquely mapped reads : 343316
# ambiguously mapped reads : 21030



[2020-11-07 15:08:17.510] [jointLog] [info] Computed 5229 rich equivalence classes for further processing
[2020-11-07 15:08:17.510] [jointLog] [info] Counted 353497 total reads in the equivalence classes 
[2020-11-07 15:08:17.512] [jointLog] [warning] Only 364346 fragments were mapped, but the number of burn-in fragments was set to 5000000.
The effective lengths have been computed using the observed mappings.

[2020-11-07 15:08:17.512] [jointLog] [info] starting optimizer
[2020-11-07 15:08:17.519] [jointLog] [info] Marked 0 weighted equivalence classes as degenerate
[2020-11-07 15:08:17.519] [jointLog] [info] iteration = 0 | max rel diff. = 36.001
[2020-11-07 15:08:17.522] [jointLog] [info] iteration 11, adjusting effective lengths to account for biases
[2020-11-07 15:08:19.770] [jointLog] [info] Computed expected counts (for bias correction)
[2020-11-07 15:08:19.771] [jointLog] [info] processed bias for 0.0% of the transcripts
[2020-11-07 15:08:20.899] [jointLog] [info] processed bias for 10.0% of the transcripts
[2020-11-07 15:08:21.946] [jointLog] [info] processed bias for 20.0% of the transcripts
[2020-11-07 15:08:22.091] [jointLog] [info] processed bias for 100.0% of the transcripts
[2020-11-07 15:08:22.114] [jointLog] [info] iteration = 100 | max rel diff. = 0.186171
[2020-11-07 15:08:22.140] [jointLog] [info] iteration = 200 | max rel diff. = 0.0296176
[2020-11-07 15:08:22.165] [jointLog] [info] iteration = 300 | max rel diff. = 0.0211685
[2020-11-07 15:08:22.190] [jointLog] [info] iteration = 400 | max rel diff. = 0.0211685
[2020-11-07 15:08:22.207] [jointLog] [info] iteration = 468 | max rel diff. = 3.4944e-06
[2020-11-07 15:08:22.210] [jointLog] [info] finished optimizer
[2020-11-07 15:34:38.584] [jointLog] [info] Fragment incompatibility prior below threshold.  Incompatible fragments will be ignored.
[2020-11-07 15:34:38.584] [jointLog] [info] Usage of --useErrorModel implies use of range factorization. rangeFactorization bins is being set to 4
[2020-11-07 15:34:38.585] [jointLog] [info] numQuantThreads = 4
[2020-11-07 15:34:39.238] [jointLog] [info] replaced 1471 non-ACGT nucleotides with random nucleotides
[2020-11-07 15:34:39.462] [fileLog] [info] quantification processed 0 fragments so far

[2020-11-07 15:34:39.465] [fileLog] [info] quantification processed 364346 fragments so far

[2020-11-07 15:34:41.123] [jointLog] [info] Thread saw mini-batch with a maximum of 4.50% zero probability fragments
[2020-11-07 15:34:41.124] [jointLog] [info] Thread saw mini-batch with a maximum of 4.30% zero probability fragments
[2020-11-07 15:34:41.125] [jointLog] [info] Thread saw mini-batch with a maximum of 4.40% zero probability fragments
[2020-11-07 15:34:41.127] [jointLog] [info] Thread saw mini-batch with a maximum of 4.40% zero probability fragments
[2020-11-07 15:34:41.128] [jointLog] [info] 


Completed first pass through the alignment file.
Total # of mapped reads : 364346
# of uniquely mapped reads : 343316
# ambiguously mapped reads : 21030



[2020-11-07 15:34:41.136] [jointLog] [info] Computed 5229 rich equivalence classes for further processing
[2020-11-07 15:34:41.136] [jointLog] [info] Counted 353497 total reads in the equivalence classes 
[2020-11-07 15:34:41.138] [jointLog] [warning] Only 364346 fragments were mapped, but the number of burn-in fragments was set to 5000000.
The effective lengths have been computed using the observed mappings.

[2020-11-07 15:34:41.138] [jointLog] [info] starting optimizer
[2020-11-07 15:34:41.145] [jointLog] [info] Marked 0 weighted equivalence classes as degenerate
[2020-11-07 15:34:41.146] [jointLog] [info] iteration = 0 | max rel diff. = 36.9357
[2020-11-07 15:34:41.172] [jointLog] [info] iteration = 100 | max rel diff. = 0.0673465
[2020-11-07 15:34:41.197] [jointLog] [info] iteration = 200 | max rel diff. = 0.0271478
[2020-11-07 15:34:41.223] [jointLog] [info] iteration = 300 | max rel diff. = 0.0272642
[2020-11-07 15:34:41.249] [jointLog] [info] iteration = 400 | max rel diff. = 0.0190987
[2020-11-07 15:34:41.274] [jointLog] [info] iteration = 500 | max rel diff. = 0.0191068
[2020-11-07 15:34:41.300] [jointLog] [info] iteration = 600 | max rel diff. = 0.0120534
[2020-11-07 15:34:41.325] [jointLog] [info] iteration = 700 | max rel diff. = 0.0120597
[2020-11-07 15:34:41.350] [jointLog] [info] iteration = 800 | max rel diff. = 0.0120616
[2020-11-07 15:34:41.355] [jointLog] [info] iteration = 819 | max rel diff. = 0.00728027
[2020-11-07 15:34:41.355] [jointLog] [info] finished optimizer
