[2020-11-07 15:03:33.798] [jointLog] [info] Fragment incompatibility prior below threshold.  Incompatible fragments will be ignored.
[2020-11-07 15:03:33.798] [jointLog] [info] Usage of --useErrorModel implies use of range factorization. rangeFactorization bins is being set to 4
[2020-11-07 15:03:33.802] [jointLog] [info] numQuantThreads = 4
[2020-11-07 15:03:33.803] [jointLog] [warning] Fragment GC bias correction is currently *experimental* in single-end libraries.  Please use this option with caution.
[2020-11-07 15:03:34.877] [fileLog] [info] quantification processed 0 fragments so far

[2020-11-07 15:03:34.879] [fileLog] [info] quantification processed 171507 fragments so far

[2020-11-07 15:03:34.641] [jointLog] [info] replaced 1471 non-ACGT nucleotides with random nucleotides
[2020-11-07 15:03:35.861] [jointLog] [info] Thread saw mini-batch with a maximum of 4.40% zero probability fragments
[2020-11-07 15:03:35.868] [jointLog] [info] Thread saw mini-batch with a maximum of 4.30% zero probability fragments
[2020-11-07 15:03:35.869] [jointLog] [info] Thread saw mini-batch with a maximum of 4.10% zero probability fragments
[2020-11-07 15:03:35.869] [jointLog] [info] Thread saw mini-batch with a maximum of 4.70% zero probability fragments
[2020-11-07 15:03:35.869] [jointLog] [info] 


Completed first pass through the alignment file.
Total # of mapped reads : 171507
# of uniquely mapped reads : 162871
# ambiguously mapped reads : 8636



[2020-11-07 15:03:35.878] [jointLog] [info] Computed 5716 rich equivalence classes for further processing
[2020-11-07 15:03:35.878] [jointLog] [info] Counted 166414 total reads in the equivalence classes 
[2020-11-07 15:03:35.881] [jointLog] [warning] Only 171507 fragments were mapped, but the number of burn-in fragments was set to 5000000.
The effective lengths have been computed using the observed mappings.

[2020-11-07 15:03:35.881] [jointLog] [info] starting optimizer
[2020-11-07 15:03:35.888] [jointLog] [info] Marked 0 weighted equivalence classes as degenerate
[2020-11-07 15:03:35.888] [jointLog] [info] iteration = 0 | max rel diff. = 15.0056
[2020-11-07 15:03:35.891] [jointLog] [info] iteration 11, adjusting effective lengths to account for biases
[2020-11-07 15:03:38.276] [jointLog] [info] Computed expected counts (for bias correction)
[2020-11-07 15:03:38.277] [jointLog] [info] processed bias for 0.0% of the transcripts
[2020-11-07 15:03:39.389] [jointLog] [info] processed bias for 10.0% of the transcripts
[2020-11-07 15:03:40.425] [jointLog] [info] processed bias for 20.0% of the transcripts
[2020-11-07 15:03:40.743] [jointLog] [info] processed bias for 100.0% of the transcripts
[2020-11-07 15:03:40.765] [jointLog] [info] iteration = 100 | max rel diff. = 0.0667825
[2020-11-07 15:03:40.775] [jointLog] [info] iteration = 142 | max rel diff. = 0.00462877
[2020-11-07 15:03:40.777] [jointLog] [info] finished optimizer
[2020-11-07 15:38:36.934] [jointLog] [info] Fragment incompatibility prior below threshold.  Incompatible fragments will be ignored.
[2020-11-07 15:38:36.934] [jointLog] [info] Usage of --useErrorModel implies use of range factorization. rangeFactorization bins is being set to 4
[2020-11-07 15:38:36.937] [jointLog] [info] numQuantThreads = 4
[2020-11-07 15:38:37.585] [jointLog] [info] replaced 1471 non-ACGT nucleotides with random nucleotides
[2020-11-07 15:38:37.812] [fileLog] [info] quantification processed 0 fragments so far

[2020-11-07 15:38:37.814] [fileLog] [info] quantification processed 171507 fragments so far

[2020-11-07 15:38:38.747] [jointLog] [info] Thread saw mini-batch with a maximum of 4.10% zero probability fragments
[2020-11-07 15:38:38.756] [jointLog] [info] Thread saw mini-batch with a maximum of 4.30% zero probability fragments
[2020-11-07 15:38:38.757] [jointLog] [info] Thread saw mini-batch with a maximum of 4.40% zero probability fragments
[2020-11-07 15:38:38.757] [jointLog] [info] Thread saw mini-batch with a maximum of 4.70% zero probability fragments
[2020-11-07 15:38:38.757] [jointLog] [info] 


Completed first pass through the alignment file.
Total # of mapped reads : 171507
# of uniquely mapped reads : 162871
# ambiguously mapped reads : 8636



[2020-11-07 15:38:38.765] [jointLog] [info] Computed 5716 rich equivalence classes for further processing
[2020-11-07 15:38:38.765] [jointLog] [info] Counted 166414 total reads in the equivalence classes 
[2020-11-07 15:38:38.767] [jointLog] [warning] Only 171507 fragments were mapped, but the number of burn-in fragments was set to 5000000.
The effective lengths have been computed using the observed mappings.

[2020-11-07 15:38:38.767] [jointLog] [info] starting optimizer
[2020-11-07 15:38:38.773] [jointLog] [info] Marked 0 weighted equivalence classes as degenerate
[2020-11-07 15:38:38.774] [jointLog] [info] iteration = 0 | max rel diff. = 15.4753
[2020-11-07 15:38:38.798] [jointLog] [info] iteration = 100 | max rel diff. = 0.0473238
[2020-11-07 15:38:38.822] [jointLog] [info] iteration = 200 | max rel diff. = 0.0220927
[2020-11-07 15:38:38.846] [jointLog] [info] iteration = 300 | max rel diff. = 0.0190429
[2020-11-07 15:38:38.859] [jointLog] [info] iteration = 354 | max rel diff. = 0.00893778
[2020-11-07 15:38:38.859] [jointLog] [info] finished optimizer
