[2020-11-07 15:06:18.432] [jointLog] [info] Fragment incompatibility prior below threshold.  Incompatible fragments will be ignored.
[2020-11-07 15:06:18.432] [jointLog] [info] Usage of --useErrorModel implies use of range factorization. rangeFactorization bins is being set to 4
[2020-11-07 15:06:18.436] [jointLog] [info] numQuantThreads = 4
[2020-11-07 15:06:18.436] [jointLog] [warning] Fragment GC bias correction is currently *experimental* in single-end libraries.  Please use this option with caution.
[2020-11-07 15:06:18.872] [jointLog] [warning] Transcript gene-ND5 appears in the reference but did not appear in the BAM
[2020-11-07 15:06:18.872] [jointLog] [warning] Transcript id-ND5 appears in the reference but did not appear in the BAM
[2020-11-07 15:06:18.872] [jointLog] [warning] Transcript gene-ND1 appears in the reference but did not appear in the BAM
[2020-11-07 15:06:18.872] [jointLog] [warning] Transcript gene-CYTB appears in the reference but did not appear in the BAM
[2020-11-07 15:06:18.872] [jointLog] [warning] Transcript gene-ND2 appears in the reference but did not appear in the BAM
[2020-11-07 15:06:18.872] [jointLog] [warning] Transcript gene-ND6 appears in the reference but did not appear in the BAM
[2020-11-07 15:06:18.872] [jointLog] [warning] Transcript gene-ATP6 appears in the reference but did not appear in the BAM
[2020-11-07 15:06:18.872] [jointLog] [warning] Transcript gene-ND4 appears in the reference but did not appear in the BAM
[2020-11-07 15:06:18.872] [jointLog] [warning] Transcript gene-COX3 appears in the reference but did not appear in the BAM
[2020-11-07 15:06:18.872] [jointLog] [warning] Transcript gene-COX2 appears in the reference but did not appear in the BAM
[2020-11-07 15:06:18.872] [jointLog] [warning] Transcript gene-ND4L appears in the reference but did not appear in the BAM
[2020-11-07 15:06:18.872] [jointLog] [warning] Transcript gene-ND3 appears in the reference but did not appear in the BAM
[2020-11-07 15:06:18.872] [jointLog] [warning] Transcript gene-ATP8 appears in the reference but did not appear in the BAM
[2020-11-07 15:06:18.872] [jointLog] [warning] Transcript gene-COX1 appears in the reference but did not appear in the BAM
[2020-11-07 15:06:20.105] [fileLog] [info] quantification processed 0 fragments so far

[2020-11-07 15:06:19.872] [jointLog] [info] replaced 2253 non-ACGT nucleotides with random nucleotides
[2020-11-07 15:06:20.446] [fileLog] [info] quantification processed 807907 fragments so far

[2020-11-07 15:06:25.056] [jointLog] [info] Thread saw mini-batch with a maximum of 4.30% zero probability fragments
[2020-11-07 15:06:25.062] [jointLog] [info] Thread saw mini-batch with a maximum of 3.90% zero probability fragments
[2020-11-07 15:06:25.063] [jointLog] [info] Thread saw mini-batch with a maximum of 4.20% zero probability fragments
[2020-11-07 15:06:25.065] [jointLog] [info] Thread saw mini-batch with a maximum of 4.20% zero probability fragments
[2020-11-07 15:06:25.065] [jointLog] [info] 


Completed first pass through the alignment file.
Total # of mapped reads : 807907
# of uniquely mapped reads : 636516
# ambiguously mapped reads : 171391



[2020-11-07 15:06:25.082] [jointLog] [info] Computed 20255 rich equivalence classes for further processing
[2020-11-07 15:06:25.082] [jointLog] [info] Counted 787418 total reads in the equivalence classes 
[2020-11-07 15:06:25.085] [jointLog] [warning] Only 807907 fragments were mapped, but the number of burn-in fragments was set to 5000000.
The effective lengths have been computed using the observed mappings.

[2020-11-07 15:06:25.085] [jointLog] [info] starting optimizer
[2020-11-07 15:06:25.098] [jointLog] [info] Marked 0 weighted equivalence classes as degenerate
[2020-11-07 15:06:25.098] [jointLog] [info] iteration = 0 | max rel diff. = 47.0276
[2020-11-07 15:06:25.105] [jointLog] [info] iteration 11, adjusting effective lengths to account for biases
[2020-11-07 15:06:37.679] [jointLog] [info] Computed expected counts (for bias correction)
[2020-11-07 15:06:37.680] [jointLog] [info] processed bias for 0.0% of the transcripts
[2020-11-07 15:06:39.795] [jointLog] [info] processed bias for 10.0% of the transcripts
[2020-11-07 15:06:41.859] [jointLog] [info] processed bias for 20.0% of the transcripts
[2020-11-07 15:06:43.984] [jointLog] [info] processed bias for 30.0% of the transcripts
[2020-11-07 15:06:46.048] [jointLog] [info] processed bias for 40.0% of the transcripts
[2020-11-07 15:06:48.137] [jointLog] [info] processed bias for 50.0% of the transcripts
[2020-11-07 15:06:50.127] [jointLog] [info] processed bias for 60.0% of the transcripts
[2020-11-07 15:06:50.553] [jointLog] [info] processed bias for 100.0% of the transcripts
[2020-11-07 15:06:50.610] [jointLog] [info] iteration = 100 | max rel diff. = 0.107259
[2020-11-07 15:06:50.672] [jointLog] [info] iteration = 200 | max rel diff. = 0.0608493
[2020-11-07 15:06:50.734] [jointLog] [info] iteration = 300 | max rel diff. = 0.0332394
[2020-11-07 15:06:50.795] [jointLog] [info] iteration = 400 | max rel diff. = 0.0237467
[2020-11-07 15:06:50.856] [jointLog] [info] iteration = 500 | max rel diff. = 0.0185676
[2020-11-07 15:06:50.916] [jointLog] [info] iteration = 600 | max rel diff. = 0.0152085
[2020-11-07 15:06:50.977] [jointLog] [info] iteration = 700 | max rel diff. = 0.0141509
[2020-11-07 15:06:51.038] [jointLog] [info] iteration = 800 | max rel diff. = 0.0116054
[2020-11-07 15:06:51.099] [jointLog] [info] iteration = 900 | max rel diff. = 0.0113895
[2020-11-07 15:06:51.108] [jointLog] [info] iteration = 916 | max rel diff. = 0.00970874
[2020-11-07 15:06:51.111] [jointLog] [info] finished optimizer
[2020-11-07 15:35:49.179] [jointLog] [info] Fragment incompatibility prior below threshold.  Incompatible fragments will be ignored.
[2020-11-07 15:35:49.179] [jointLog] [info] Usage of --useErrorModel implies use of range factorization. rangeFactorization bins is being set to 4
[2020-11-07 15:35:49.181] [jointLog] [info] numQuantThreads = 4
[2020-11-07 15:35:49.630] [jointLog] [warning] Transcript gene-ND5 appears in the reference but did not appear in the BAM
[2020-11-07 15:35:49.630] [jointLog] [warning] Transcript id-ND5 appears in the reference but did not appear in the BAM
[2020-11-07 15:35:49.630] [jointLog] [warning] Transcript gene-ND1 appears in the reference but did not appear in the BAM
[2020-11-07 15:35:49.630] [jointLog] [warning] Transcript gene-CYTB appears in the reference but did not appear in the BAM
[2020-11-07 15:35:49.630] [jointLog] [warning] Transcript gene-ND2 appears in the reference but did not appear in the BAM
[2020-11-07 15:35:49.630] [jointLog] [warning] Transcript gene-ND6 appears in the reference but did not appear in the BAM
[2020-11-07 15:35:49.630] [jointLog] [warning] Transcript gene-ATP6 appears in the reference but did not appear in the BAM
[2020-11-07 15:35:49.630] [jointLog] [warning] Transcript gene-ND4 appears in the reference but did not appear in the BAM
[2020-11-07 15:35:49.630] [jointLog] [warning] Transcript gene-COX3 appears in the reference but did not appear in the BAM
[2020-11-07 15:35:49.630] [jointLog] [warning] Transcript gene-COX2 appears in the reference but did not appear in the BAM
[2020-11-07 15:35:49.630] [jointLog] [warning] Transcript gene-ND4L appears in the reference but did not appear in the BAM
[2020-11-07 15:35:49.630] [jointLog] [warning] Transcript gene-ND3 appears in the reference but did not appear in the BAM
[2020-11-07 15:35:49.630] [jointLog] [warning] Transcript gene-ATP8 appears in the reference but did not appear in the BAM
[2020-11-07 15:35:49.630] [jointLog] [warning] Transcript gene-COX1 appears in the reference but did not appear in the BAM
[2020-11-07 15:35:50.215] [jointLog] [info] replaced 2253 non-ACGT nucleotides with random nucleotides
[2020-11-07 15:35:50.455] [fileLog] [info] quantification processed 0 fragments so far

[2020-11-07 15:35:50.957] [fileLog] [info] quantification processed 807907 fragments so far

[2020-11-07 15:35:54.451] [jointLog] [info] Thread saw mini-batch with a maximum of 4.20% zero probability fragments
[2020-11-07 15:35:54.461] [jointLog] [info] Thread saw mini-batch with a maximum of 4.30% zero probability fragments
[2020-11-07 15:35:54.468] [jointLog] [info] Thread saw mini-batch with a maximum of 3.90% zero probability fragments
[2020-11-07 15:35:54.469] [jointLog] [info] Thread saw mini-batch with a maximum of 4.20% zero probability fragments
[2020-11-07 15:35:54.469] [jointLog] [info] 


Completed first pass through the alignment file.
Total # of mapped reads : 807907
# of uniquely mapped reads : 636516
# ambiguously mapped reads : 171391



[2020-11-07 15:35:54.485] [jointLog] [info] Computed 20255 rich equivalence classes for further processing
[2020-11-07 15:35:54.485] [jointLog] [info] Counted 787418 total reads in the equivalence classes 
[2020-11-07 15:35:54.488] [jointLog] [warning] Only 807907 fragments were mapped, but the number of burn-in fragments was set to 5000000.
The effective lengths have been computed using the observed mappings.

[2020-11-07 15:35:54.488] [jointLog] [info] starting optimizer
[2020-11-07 15:35:54.501] [jointLog] [info] Marked 0 weighted equivalence classes as degenerate
[2020-11-07 15:35:54.501] [jointLog] [info] iteration = 0 | max rel diff. = 48.1272
[2020-11-07 15:35:54.570] [jointLog] [info] iteration = 100 | max rel diff. = 0.111686
[2020-11-07 15:35:54.638] [jointLog] [info] iteration = 200 | max rel diff. = 0.0545749
[2020-11-07 15:35:54.707] [jointLog] [info] iteration = 300 | max rel diff. = 0.0330589
[2020-11-07 15:35:54.775] [jointLog] [info] iteration = 400 | max rel diff. = 0.0269225
[2020-11-07 15:35:54.845] [jointLog] [info] iteration = 500 | max rel diff. = 0.0207462
[2020-11-07 15:35:54.913] [jointLog] [info] iteration = 600 | max rel diff. = 0.0168708
[2020-11-07 15:35:54.981] [jointLog] [info] iteration = 700 | max rel diff. = 0.015241
[2020-11-07 15:35:55.049] [jointLog] [info] iteration = 800 | max rel diff. = 0.0121747
[2020-11-07 15:35:55.118] [jointLog] [info] iteration = 900 | max rel diff. = 0.0111431
[2020-11-07 15:35:55.186] [jointLog] [info] iteration = 1000 | max rel diff. = 0.00997697
[2020-11-07 15:35:55.186] [jointLog] [info] iteration = 1001 | max rel diff. = 0.00997697
[2020-11-07 15:35:55.187] [jointLog] [info] finished optimizer
