[2020-11-07 15:04:04.056] [jointLog] [info] Fragment incompatibility prior below threshold.  Incompatible fragments will be ignored.
[2020-11-07 15:04:04.056] [jointLog] [info] Usage of --useErrorModel implies use of range factorization. rangeFactorization bins is being set to 4
[2020-11-07 15:04:04.061] [jointLog] [info] numQuantThreads = 4
[2020-11-07 15:04:04.062] [jointLog] [warning] Fragment GC bias correction is currently *experimental* in single-end libraries.  Please use this option with caution.
[2020-11-07 15:04:04.508] [jointLog] [warning] Transcript gene-ND5 appears in the reference but did not appear in the BAM
[2020-11-07 15:04:04.508] [jointLog] [warning] Transcript id-ND5 appears in the reference but did not appear in the BAM
[2020-11-07 15:04:04.508] [jointLog] [warning] Transcript gene-ND1 appears in the reference but did not appear in the BAM
[2020-11-07 15:04:04.508] [jointLog] [warning] Transcript gene-CYTB appears in the reference but did not appear in the BAM
[2020-11-07 15:04:04.508] [jointLog] [warning] Transcript gene-ND2 appears in the reference but did not appear in the BAM
[2020-11-07 15:04:04.508] [jointLog] [warning] Transcript gene-ND6 appears in the reference but did not appear in the BAM
[2020-11-07 15:04:04.508] [jointLog] [warning] Transcript gene-ATP6 appears in the reference but did not appear in the BAM
[2020-11-07 15:04:04.508] [jointLog] [warning] Transcript gene-ND4 appears in the reference but did not appear in the BAM
[2020-11-07 15:04:04.508] [jointLog] [warning] Transcript gene-COX3 appears in the reference but did not appear in the BAM
[2020-11-07 15:04:04.508] [jointLog] [warning] Transcript gene-COX2 appears in the reference but did not appear in the BAM
[2020-11-07 15:04:04.508] [jointLog] [warning] Transcript gene-ND4L appears in the reference but did not appear in the BAM
[2020-11-07 15:04:04.508] [jointLog] [warning] Transcript gene-ND3 appears in the reference but did not appear in the BAM
[2020-11-07 15:04:04.508] [jointLog] [warning] Transcript gene-ATP8 appears in the reference but did not appear in the BAM
[2020-11-07 15:04:04.508] [jointLog] [warning] Transcript gene-COX1 appears in the reference but did not appear in the BAM
[2020-11-07 15:04:05.717] [fileLog] [info] quantification processed 0 fragments so far

[2020-11-07 15:04:05.491] [jointLog] [info] replaced 2253 non-ACGT nucleotides with random nucleotides
[2020-11-07 15:04:06.077] [fileLog] [info] quantification processed 849286 fragments so far

[2020-11-07 15:04:10.629] [jointLog] [info] Thread saw mini-batch with a maximum of 3.60% zero probability fragments
[2020-11-07 15:04:10.631] [jointLog] [info] Thread saw mini-batch with a maximum of 3.60% zero probability fragments
[2020-11-07 15:04:10.635] [jointLog] [info] Thread saw mini-batch with a maximum of 4.20% zero probability fragments
[2020-11-07 15:04:10.642] [jointLog] [info] Thread saw mini-batch with a maximum of 3.90% zero probability fragments
[2020-11-07 15:04:10.642] [jointLog] [info] 


Completed first pass through the alignment file.
Total # of mapped reads : 849286
# of uniquely mapped reads : 670628
# ambiguously mapped reads : 178658



[2020-11-07 15:04:10.657] [jointLog] [info] Computed 18842 rich equivalence classes for further processing
[2020-11-07 15:04:10.657] [jointLog] [info] Counted 830031 total reads in the equivalence classes 
[2020-11-07 15:04:10.660] [jointLog] [warning] Only 849286 fragments were mapped, but the number of burn-in fragments was set to 5000000.
The effective lengths have been computed using the observed mappings.

[2020-11-07 15:04:10.660] [jointLog] [info] starting optimizer
[2020-11-07 15:04:10.672] [jointLog] [info] Marked 0 weighted equivalence classes as degenerate
[2020-11-07 15:04:10.673] [jointLog] [info] iteration = 0 | max rel diff. = 50.8323
[2020-11-07 15:04:10.680] [jointLog] [info] iteration 11, adjusting effective lengths to account for biases
[2020-11-07 15:04:22.170] [jointLog] [info] Computed expected counts (for bias correction)
[2020-11-07 15:04:22.171] [jointLog] [info] processed bias for 0.0% of the transcripts
[2020-11-07 15:04:24.083] [jointLog] [info] processed bias for 10.0% of the transcripts
[2020-11-07 15:04:26.106] [jointLog] [info] processed bias for 20.0% of the transcripts
[2020-11-07 15:04:28.089] [jointLog] [info] processed bias for 30.0% of the transcripts
[2020-11-07 15:04:30.105] [jointLog] [info] processed bias for 40.0% of the transcripts
[2020-11-07 15:04:32.239] [jointLog] [info] processed bias for 50.0% of the transcripts
[2020-11-07 15:04:34.007] [jointLog] [info] processed bias for 100.0% of the transcripts
[2020-11-07 15:04:34.066] [jointLog] [info] iteration = 100 | max rel diff. = 0.118625
[2020-11-07 15:04:34.131] [jointLog] [info] iteration = 200 | max rel diff. = 0.0545635
[2020-11-07 15:04:34.196] [jointLog] [info] iteration = 300 | max rel diff. = 0.0555152
[2020-11-07 15:04:34.261] [jointLog] [info] iteration = 400 | max rel diff. = 0.024952
[2020-11-07 15:04:34.326] [jointLog] [info] iteration = 500 | max rel diff. = 0.0179949
[2020-11-07 15:04:34.391] [jointLog] [info] iteration = 600 | max rel diff. = 0.0171149
[2020-11-07 15:04:34.456] [jointLog] [info] iteration = 700 | max rel diff. = 0.0132711
[2020-11-07 15:04:34.521] [jointLog] [info] iteration = 800 | max rel diff. = 0.0132713
[2020-11-07 15:04:34.585] [jointLog] [info] iteration = 900 | max rel diff. = 0.0132714
[2020-11-07 15:04:34.648] [jointLog] [info] iteration = 1000 | max rel diff. = 0.0110553
[2020-11-07 15:04:34.662] [jointLog] [info] iteration = 1023 | max rel diff. = 0.00890208
[2020-11-07 15:04:34.665] [jointLog] [info] finished optimizer
[2020-11-07 15:39:08.292] [jointLog] [info] Fragment incompatibility prior below threshold.  Incompatible fragments will be ignored.
[2020-11-07 15:39:08.292] [jointLog] [info] Usage of --useErrorModel implies use of range factorization. rangeFactorization bins is being set to 4
[2020-11-07 15:39:08.294] [jointLog] [info] numQuantThreads = 4
[2020-11-07 15:39:08.728] [jointLog] [warning] Transcript gene-ND5 appears in the reference but did not appear in the BAM
[2020-11-07 15:39:08.728] [jointLog] [warning] Transcript id-ND5 appears in the reference but did not appear in the BAM
[2020-11-07 15:39:08.728] [jointLog] [warning] Transcript gene-ND1 appears in the reference but did not appear in the BAM
[2020-11-07 15:39:08.728] [jointLog] [warning] Transcript gene-CYTB appears in the reference but did not appear in the BAM
[2020-11-07 15:39:08.728] [jointLog] [warning] Transcript gene-ND2 appears in the reference but did not appear in the BAM
[2020-11-07 15:39:08.728] [jointLog] [warning] Transcript gene-ND6 appears in the reference but did not appear in the BAM
[2020-11-07 15:39:08.728] [jointLog] [warning] Transcript gene-ATP6 appears in the reference but did not appear in the BAM
[2020-11-07 15:39:08.728] [jointLog] [warning] Transcript gene-ND4 appears in the reference but did not appear in the BAM
[2020-11-07 15:39:08.728] [jointLog] [warning] Transcript gene-COX3 appears in the reference but did not appear in the BAM
[2020-11-07 15:39:08.728] [jointLog] [warning] Transcript gene-COX2 appears in the reference but did not appear in the BAM
[2020-11-07 15:39:08.728] [jointLog] [warning] Transcript gene-ND4L appears in the reference but did not appear in the BAM
[2020-11-07 15:39:08.728] [jointLog] [warning] Transcript gene-ND3 appears in the reference but did not appear in the BAM
[2020-11-07 15:39:08.728] [jointLog] [warning] Transcript gene-ATP8 appears in the reference but did not appear in the BAM
[2020-11-07 15:39:08.728] [jointLog] [warning] Transcript gene-COX1 appears in the reference but did not appear in the BAM
[2020-11-07 15:39:09.311] [jointLog] [info] replaced 2253 non-ACGT nucleotides with random nucleotides
[2020-11-07 15:39:09.533] [fileLog] [info] quantification processed 0 fragments so far

[2020-11-07 15:39:09.995] [fileLog] [info] quantification processed 849286 fragments so far

[2020-11-07 15:39:14.276] [jointLog] [info] Thread saw mini-batch with a maximum of 3.40% zero probability fragments
[2020-11-07 15:39:14.279] [jointLog] [info] Thread saw mini-batch with a maximum of 4.20% zero probability fragments
[2020-11-07 15:39:14.282] [jointLog] [info] Thread saw mini-batch with a maximum of 3.90% zero probability fragments
[2020-11-07 15:39:14.286] [jointLog] [info] Thread saw mini-batch with a maximum of 3.60% zero probability fragments
[2020-11-07 15:39:14.286] [jointLog] [info] 


Completed first pass through the alignment file.
Total # of mapped reads : 849286
# of uniquely mapped reads : 670628
# ambiguously mapped reads : 178658



[2020-11-07 15:39:14.301] [jointLog] [info] Computed 18842 rich equivalence classes for further processing
[2020-11-07 15:39:14.301] [jointLog] [info] Counted 830031 total reads in the equivalence classes 
[2020-11-07 15:39:14.304] [jointLog] [warning] Only 849286 fragments were mapped, but the number of burn-in fragments was set to 5000000.
The effective lengths have been computed using the observed mappings.

[2020-11-07 15:39:14.304] [jointLog] [info] starting optimizer
[2020-11-07 15:39:14.317] [jointLog] [info] Marked 0 weighted equivalence classes as degenerate
[2020-11-07 15:39:14.317] [jointLog] [info] iteration = 0 | max rel diff. = 51.9829
[2020-11-07 15:39:14.381] [jointLog] [info] iteration = 100 | max rel diff. = 0.110825
[2020-11-07 15:39:14.445] [jointLog] [info] iteration = 200 | max rel diff. = 0.0509348
[2020-11-07 15:39:14.508] [jointLog] [info] iteration = 300 | max rel diff. = 0.0311907
[2020-11-07 15:39:14.572] [jointLog] [info] iteration = 400 | max rel diff. = 0.0258232
[2020-11-07 15:39:14.636] [jointLog] [info] iteration = 500 | max rel diff. = 0.0218371
[2020-11-07 15:39:14.699] [jointLog] [info] iteration = 600 | max rel diff. = 0.0168709
[2020-11-07 15:39:14.763] [jointLog] [info] iteration = 700 | max rel diff. = 0.0149637
[2020-11-07 15:39:14.826] [jointLog] [info] iteration = 800 | max rel diff. = 0.0117991
[2020-11-07 15:39:14.890] [jointLog] [info] iteration = 900 | max rel diff. = 0.0111436
[2020-11-07 15:39:14.929] [jointLog] [info] iteration = 962 | max rel diff. = 0.00963624
[2020-11-07 15:39:14.929] [jointLog] [info] finished optimizer
