[2020-11-07 15:05:15.728] [jointLog] [info] Fragment incompatibility prior below threshold.  Incompatible fragments will be ignored.
[2020-11-07 15:05:15.728] [jointLog] [info] Usage of --useErrorModel implies use of range factorization. rangeFactorization bins is being set to 4
[2020-11-07 15:05:15.729] [jointLog] [info] numQuantThreads = 4
[2020-11-07 15:05:15.729] [jointLog] [warning] Fragment GC bias correction is currently *experimental* in single-end libraries.  Please use this option with caution.
[2020-11-07 15:05:16.169] [jointLog] [warning] Transcript gene-ND5 appears in the reference but did not appear in the BAM
[2020-11-07 15:05:16.169] [jointLog] [warning] Transcript id-ND5 appears in the reference but did not appear in the BAM
[2020-11-07 15:05:16.169] [jointLog] [warning] Transcript gene-ND1 appears in the reference but did not appear in the BAM
[2020-11-07 15:05:16.169] [jointLog] [warning] Transcript gene-CYTB appears in the reference but did not appear in the BAM
[2020-11-07 15:05:16.169] [jointLog] [warning] Transcript gene-ND2 appears in the reference but did not appear in the BAM
[2020-11-07 15:05:16.169] [jointLog] [warning] Transcript gene-ND6 appears in the reference but did not appear in the BAM
[2020-11-07 15:05:16.169] [jointLog] [warning] Transcript gene-ATP6 appears in the reference but did not appear in the BAM
[2020-11-07 15:05:16.169] [jointLog] [warning] Transcript gene-ND4 appears in the reference but did not appear in the BAM
[2020-11-07 15:05:16.169] [jointLog] [warning] Transcript gene-COX3 appears in the reference but did not appear in the BAM
[2020-11-07 15:05:16.169] [jointLog] [warning] Transcript gene-COX2 appears in the reference but did not appear in the BAM
[2020-11-07 15:05:16.169] [jointLog] [warning] Transcript gene-ND4L appears in the reference but did not appear in the BAM
[2020-11-07 15:05:16.169] [jointLog] [warning] Transcript gene-ND3 appears in the reference but did not appear in the BAM
[2020-11-07 15:05:16.169] [jointLog] [warning] Transcript gene-ATP8 appears in the reference but did not appear in the BAM
[2020-11-07 15:05:16.169] [jointLog] [warning] Transcript gene-COX1 appears in the reference but did not appear in the BAM
[2020-11-07 15:05:17.379] [fileLog] [info] quantification processed 0 fragments so far

[2020-11-07 15:05:17.382] [fileLog] [info] quantification processed 410303 fragments so far

[2020-11-07 15:05:17.153] [jointLog] [info] replaced 2253 non-ACGT nucleotides with random nucleotides
[2020-11-07 15:05:19.989] [jointLog] [info] Thread saw mini-batch with a maximum of 1.00% zero probability fragments
[2020-11-07 15:05:19.991] [jointLog] [info] Thread saw mini-batch with a maximum of 1.20% zero probability fragments
[2020-11-07 15:05:19.993] [jointLog] [info] Thread saw mini-batch with a maximum of 1.10% zero probability fragments
[2020-11-07 15:05:19.994] [jointLog] [info] Thread saw mini-batch with a maximum of 1.00% zero probability fragments
[2020-11-07 15:05:19.995] [jointLog] [info] 


Completed first pass through the alignment file.
Total # of mapped reads : 410303
# of uniquely mapped reads : 392651
# ambiguously mapped reads : 17652



[2020-11-07 15:05:20.003] [jointLog] [info] Computed 7439 rich equivalence classes for further processing
[2020-11-07 15:05:20.003] [jointLog] [info] Counted 408539 total reads in the equivalence classes 
[2020-11-07 15:05:20.006] [jointLog] [warning] Only 410303 fragments were mapped, but the number of burn-in fragments was set to 5000000.
The effective lengths have been computed using the observed mappings.

[2020-11-07 15:05:20.006] [jointLog] [info] starting optimizer
[2020-11-07 15:05:20.016] [jointLog] [info] Marked 0 weighted equivalence classes as degenerate
[2020-11-07 15:05:20.017] [jointLog] [info] iteration = 0 | max rel diff. = 16.3332
[2020-11-07 15:05:20.021] [jointLog] [info] iteration 11, adjusting effective lengths to account for biases
[2020-11-07 15:05:25.724] [jointLog] [info] Computed expected counts (for bias correction)
[2020-11-07 15:05:25.724] [jointLog] [info] processed bias for 0.0% of the transcripts
[2020-11-07 15:05:27.911] [jointLog] [info] processed bias for 10.0% of the transcripts
[2020-11-07 15:05:30.112] [jointLog] [info] processed bias for 20.0% of the transcripts
[2020-11-07 15:05:31.557] [jointLog] [info] processed bias for 100.0% of the transcripts
[2020-11-07 15:05:31.595] [jointLog] [info] iteration = 100 | max rel diff. = 0.070648
[2020-11-07 15:05:31.636] [jointLog] [info] iteration = 200 | max rel diff. = 0.0384615
[2020-11-07 15:05:31.676] [jointLog] [info] iteration = 300 | max rel diff. = 0.025
[2020-11-07 15:05:31.717] [jointLog] [info] iteration = 400 | max rel diff. = 0.0196078
[2020-11-07 15:05:31.758] [jointLog] [info] iteration = 500 | max rel diff. = 0.0120482
[2020-11-07 15:05:31.799] [jointLog] [info] iteration = 600 | max rel diff. = 0.0120482
[2020-11-07 15:05:31.839] [jointLog] [info] iteration = 700 | max rel diff. = 0.0120482
[2020-11-07 15:05:31.873] [jointLog] [info] iteration = 785 | max rel diff. = 0.00963082
[2020-11-07 15:05:31.877] [jointLog] [info] finished optimizer
[2020-11-07 15:35:13.546] [jointLog] [info] Fragment incompatibility prior below threshold.  Incompatible fragments will be ignored.
[2020-11-07 15:35:13.546] [jointLog] [info] Usage of --useErrorModel implies use of range factorization. rangeFactorization bins is being set to 4
[2020-11-07 15:35:13.546] [jointLog] [info] numQuantThreads = 4
[2020-11-07 15:35:13.987] [jointLog] [warning] Transcript gene-ND5 appears in the reference but did not appear in the BAM
[2020-11-07 15:35:13.987] [jointLog] [warning] Transcript id-ND5 appears in the reference but did not appear in the BAM
[2020-11-07 15:35:13.987] [jointLog] [warning] Transcript gene-ND1 appears in the reference but did not appear in the BAM
[2020-11-07 15:35:13.987] [jointLog] [warning] Transcript gene-CYTB appears in the reference but did not appear in the BAM
[2020-11-07 15:35:13.987] [jointLog] [warning] Transcript gene-ND2 appears in the reference but did not appear in the BAM
[2020-11-07 15:35:13.987] [jointLog] [warning] Transcript gene-ND6 appears in the reference but did not appear in the BAM
[2020-11-07 15:35:13.987] [jointLog] [warning] Transcript gene-ATP6 appears in the reference but did not appear in the BAM
[2020-11-07 15:35:13.987] [jointLog] [warning] Transcript gene-ND4 appears in the reference but did not appear in the BAM
[2020-11-07 15:35:13.987] [jointLog] [warning] Transcript gene-COX3 appears in the reference but did not appear in the BAM
[2020-11-07 15:35:13.987] [jointLog] [warning] Transcript gene-COX2 appears in the reference but did not appear in the BAM
[2020-11-07 15:35:13.987] [jointLog] [warning] Transcript gene-ND4L appears in the reference but did not appear in the BAM
[2020-11-07 15:35:13.987] [jointLog] [warning] Transcript gene-ND3 appears in the reference but did not appear in the BAM
[2020-11-07 15:35:13.987] [jointLog] [warning] Transcript gene-ATP8 appears in the reference but did not appear in the BAM
[2020-11-07 15:35:13.987] [jointLog] [warning] Transcript gene-COX1 appears in the reference but did not appear in the BAM
[2020-11-07 15:35:14.594] [jointLog] [info] replaced 2253 non-ACGT nucleotides with random nucleotides
[2020-11-07 15:35:14.827] [fileLog] [info] quantification processed 0 fragments so far

[2020-11-07 15:35:14.831] [fileLog] [info] quantification processed 410303 fragments so far

[2020-11-07 15:35:17.418] [jointLog] [info] Thread saw mini-batch with a maximum of 1.10% zero probability fragments
[2020-11-07 15:35:17.420] [jointLog] [info] Thread saw mini-batch with a maximum of 1.00% zero probability fragments
[2020-11-07 15:35:17.424] [jointLog] [info] Thread saw mini-batch with a maximum of 1.20% zero probability fragments
[2020-11-07 15:35:17.429] [jointLog] [info] Thread saw mini-batch with a maximum of 1.00% zero probability fragments
[2020-11-07 15:35:17.430] [jointLog] [info] 


Completed first pass through the alignment file.
Total # of mapped reads : 410303
# of uniquely mapped reads : 392651
# ambiguously mapped reads : 17652



[2020-11-07 15:35:17.437] [jointLog] [info] Computed 7439 rich equivalence classes for further processing
[2020-11-07 15:35:17.437] [jointLog] [info] Counted 408539 total reads in the equivalence classes 
[2020-11-07 15:35:17.440] [jointLog] [warning] Only 410303 fragments were mapped, but the number of burn-in fragments was set to 5000000.
The effective lengths have been computed using the observed mappings.

[2020-11-07 15:35:17.440] [jointLog] [info] starting optimizer
[2020-11-07 15:35:17.450] [jointLog] [info] Marked 0 weighted equivalence classes as degenerate
[2020-11-07 15:35:17.451] [jointLog] [info] iteration = 0 | max rel diff. = 17.0725
[2020-11-07 15:35:17.489] [jointLog] [info] iteration = 100 | max rel diff. = 0.0764047
[2020-11-07 15:35:17.527] [jointLog] [info] iteration = 200 | max rel diff. = 0.0440297
[2020-11-07 15:35:17.564] [jointLog] [info] iteration = 300 | max rel diff. = 0.0277889
[2020-11-07 15:35:17.602] [jointLog] [info] iteration = 400 | max rel diff. = 0.0229304
[2020-11-07 15:35:17.639] [jointLog] [info] iteration = 500 | max rel diff. = 0.0156358
[2020-11-07 15:35:17.676] [jointLog] [info] iteration = 600 | max rel diff. = 0.0152042
[2020-11-07 15:35:17.713] [jointLog] [info] iteration = 700 | max rel diff. = 0.012163
[2020-11-07 15:35:17.749] [jointLog] [info] iteration = 800 | max rel diff. = 0.0121747
[2020-11-07 15:35:17.758] [jointLog] [info] iteration = 826 | max rel diff. = 0.00958975
[2020-11-07 15:35:17.759] [jointLog] [info] finished optimizer
