[2020-11-07 15:08:39.965] [jointLog] [info] Fragment incompatibility prior below threshold.  Incompatible fragments will be ignored.
[2020-11-07 15:08:39.965] [jointLog] [info] Usage of --useErrorModel implies use of range factorization. rangeFactorization bins is being set to 4
[2020-11-07 15:08:39.971] [jointLog] [info] numQuantThreads = 4
[2020-11-07 15:08:39.972] [jointLog] [warning] Fragment GC bias correction is currently *experimental* in single-end libraries.  Please use this option with caution.
[2020-11-07 15:08:40.408] [jointLog] [warning] Transcript gene-ND5 appears in the reference but did not appear in the BAM
[2020-11-07 15:08:40.408] [jointLog] [warning] Transcript id-ND5 appears in the reference but did not appear in the BAM
[2020-11-07 15:08:40.408] [jointLog] [warning] Transcript gene-ND1 appears in the reference but did not appear in the BAM
[2020-11-07 15:08:40.408] [jointLog] [warning] Transcript gene-CYTB appears in the reference but did not appear in the BAM
[2020-11-07 15:08:40.408] [jointLog] [warning] Transcript gene-ND2 appears in the reference but did not appear in the BAM
[2020-11-07 15:08:40.408] [jointLog] [warning] Transcript gene-ND6 appears in the reference but did not appear in the BAM
[2020-11-07 15:08:40.408] [jointLog] [warning] Transcript gene-ATP6 appears in the reference but did not appear in the BAM
[2020-11-07 15:08:40.408] [jointLog] [warning] Transcript gene-ND4 appears in the reference but did not appear in the BAM
[2020-11-07 15:08:40.408] [jointLog] [warning] Transcript gene-COX3 appears in the reference but did not appear in the BAM
[2020-11-07 15:08:40.408] [jointLog] [warning] Transcript gene-COX2 appears in the reference but did not appear in the BAM
[2020-11-07 15:08:40.408] [jointLog] [warning] Transcript gene-ND4L appears in the reference but did not appear in the BAM
[2020-11-07 15:08:40.408] [jointLog] [warning] Transcript gene-ND3 appears in the reference but did not appear in the BAM
[2020-11-07 15:08:40.408] [jointLog] [warning] Transcript gene-ATP8 appears in the reference but did not appear in the BAM
[2020-11-07 15:08:40.408] [jointLog] [warning] Transcript gene-COX1 appears in the reference but did not appear in the BAM
[2020-11-07 15:08:41.439] [jointLog] [info] replaced 2253 non-ACGT nucleotides with random nucleotides
[2020-11-07 15:08:41.671] [fileLog] [info] quantification processed 0 fragments so far

[2020-11-07 15:08:42.017] [fileLog] [info] quantification processed 1000000 fragments so far

[2020-11-07 15:08:42.417] [fileLog] [info] quantification processed 1455986 fragments so far

[2020-11-07 15:08:52.338] [jointLog] [info] Thread saw mini-batch with a maximum of 1.40% zero probability fragments
[2020-11-07 15:08:52.346] [jointLog] [info] Thread saw mini-batch with a maximum of 1.00% zero probability fragments
[2020-11-07 15:08:52.346] [jointLog] [info] Thread saw mini-batch with a maximum of 1.00% zero probability fragments
[2020-11-07 15:08:52.347] [jointLog] [info] Thread saw mini-batch with a maximum of 1.30% zero probability fragments
[2020-11-07 15:08:52.347] [jointLog] [info] 


Completed first pass through the alignment file.
Total # of mapped reads : 1455986
# of uniquely mapped reads : 1405054
# ambiguously mapped reads : 50932



[2020-11-07 15:08:52.355] [jointLog] [info] Computed 5547 rich equivalence classes for further processing
[2020-11-07 15:08:52.355] [jointLog] [info] Counted 1450281 total reads in the equivalence classes 
[2020-11-07 15:08:52.358] [jointLog] [warning] Only 1455986 fragments were mapped, but the number of burn-in fragments was set to 5000000.
The effective lengths have been computed using the observed mappings.

[2020-11-07 15:08:52.358] [jointLog] [info] starting optimizer
[2020-11-07 15:08:52.367] [jointLog] [info] Marked 0 weighted equivalence classes as degenerate
[2020-11-07 15:08:52.367] [jointLog] [info] iteration = 0 | max rel diff. = 52.5116
[2020-11-07 15:08:52.371] [jointLog] [info] iteration 11, adjusting effective lengths to account for biases
[2020-11-07 15:08:56.824] [jointLog] [info] Computed expected counts (for bias correction)
[2020-11-07 15:08:56.825] [jointLog] [info] processed bias for 0.0% of the transcripts
[2020-11-07 15:08:59.263] [jointLog] [info] processed bias for 10.0% of the transcripts
[2020-11-07 15:09:01.496] [jointLog] [info] processed bias for 100.0% of the transcripts
[2020-11-07 15:09:01.528] [jointLog] [info] iteration = 100 | max rel diff. = 0.117723
[2020-11-07 15:09:01.561] [jointLog] [info] iteration = 200 | max rel diff. = 0.0384444
[2020-11-07 15:09:01.594] [jointLog] [info] iteration = 300 | max rel diff. = 0.0292322
[2020-11-07 15:09:01.627] [jointLog] [info] iteration = 400 | max rel diff. = 0.0172153
[2020-11-07 15:09:01.659] [jointLog] [info] iteration = 500 | max rel diff. = 0.0172153
[2020-11-07 15:09:01.692] [jointLog] [info] iteration = 600 | max rel diff. = 0.0172153
[2020-11-07 15:09:01.725] [jointLog] [info] iteration = 700 | max rel diff. = 0.0108687
[2020-11-07 15:09:01.758] [jointLog] [info] iteration = 800 | max rel diff. = 0.0108687
[2020-11-07 15:09:01.762] [jointLog] [info] iteration = 812 | max rel diff. = 0.00913149
[2020-11-07 15:09:01.765] [jointLog] [info] finished optimizer
[2020-11-07 15:34:23.130] [jointLog] [info] Fragment incompatibility prior below threshold.  Incompatible fragments will be ignored.
[2020-11-07 15:34:23.130] [jointLog] [info] Usage of --useErrorModel implies use of range factorization. rangeFactorization bins is being set to 4
[2020-11-07 15:34:23.133] [jointLog] [info] numQuantThreads = 4
[2020-11-07 15:34:23.576] [jointLog] [warning] Transcript gene-ND5 appears in the reference but did not appear in the BAM
[2020-11-07 15:34:23.576] [jointLog] [warning] Transcript id-ND5 appears in the reference but did not appear in the BAM
[2020-11-07 15:34:23.576] [jointLog] [warning] Transcript gene-ND1 appears in the reference but did not appear in the BAM
[2020-11-07 15:34:23.576] [jointLog] [warning] Transcript gene-CYTB appears in the reference but did not appear in the BAM
[2020-11-07 15:34:23.576] [jointLog] [warning] Transcript gene-ND2 appears in the reference but did not appear in the BAM
[2020-11-07 15:34:23.576] [jointLog] [warning] Transcript gene-ND6 appears in the reference but did not appear in the BAM
[2020-11-07 15:34:23.576] [jointLog] [warning] Transcript gene-ATP6 appears in the reference but did not appear in the BAM
[2020-11-07 15:34:23.576] [jointLog] [warning] Transcript gene-ND4 appears in the reference but did not appear in the BAM
[2020-11-07 15:34:23.576] [jointLog] [warning] Transcript gene-COX3 appears in the reference but did not appear in the BAM
[2020-11-07 15:34:23.576] [jointLog] [warning] Transcript gene-COX2 appears in the reference but did not appear in the BAM
[2020-11-07 15:34:23.576] [jointLog] [warning] Transcript gene-ND4L appears in the reference but did not appear in the BAM
[2020-11-07 15:34:23.576] [jointLog] [warning] Transcript gene-ND3 appears in the reference but did not appear in the BAM
[2020-11-07 15:34:23.576] [jointLog] [warning] Transcript gene-ATP8 appears in the reference but did not appear in the BAM
[2020-11-07 15:34:23.576] [jointLog] [warning] Transcript gene-COX1 appears in the reference but did not appear in the BAM
[2020-11-07 15:34:24.183] [jointLog] [info] replaced 2253 non-ACGT nucleotides with random nucleotides
[2020-11-07 15:34:24.415] [fileLog] [info] quantification processed 0 fragments so far

[2020-11-07 15:34:24.803] [fileLog] [info] quantification processed 1000000 fragments so far

[2020-11-07 15:34:25.276] [fileLog] [info] quantification processed 1455986 fragments so far

[2020-11-07 15:34:34.501] [jointLog] [info] Thread saw mini-batch with a maximum of 1.00% zero probability fragments
[2020-11-07 15:34:34.503] [jointLog] [info] Thread saw mini-batch with a maximum of 1.30% zero probability fragments
[2020-11-07 15:34:34.507] [jointLog] [info] Thread saw mini-batch with a maximum of 1.40% zero probability fragments
[2020-11-07 15:34:34.521] [jointLog] [info] Thread saw mini-batch with a maximum of 1.00% zero probability fragments
[2020-11-07 15:34:34.521] [jointLog] [info] 


Completed first pass through the alignment file.
Total # of mapped reads : 1455986
# of uniquely mapped reads : 1405054
# ambiguously mapped reads : 50932



[2020-11-07 15:34:34.529] [jointLog] [info] Computed 5547 rich equivalence classes for further processing
[2020-11-07 15:34:34.529] [jointLog] [info] Counted 1450281 total reads in the equivalence classes 
[2020-11-07 15:34:34.532] [jointLog] [warning] Only 1455986 fragments were mapped, but the number of burn-in fragments was set to 5000000.
The effective lengths have been computed using the observed mappings.

[2020-11-07 15:34:34.535] [jointLog] [info] starting optimizer
[2020-11-07 15:34:34.544] [jointLog] [info] Marked 0 weighted equivalence classes as degenerate
[2020-11-07 15:34:34.545] [jointLog] [info] iteration = 0 | max rel diff. = 54.9158
[2020-11-07 15:34:34.579] [jointLog] [info] iteration = 100 | max rel diff. = 0.108067
[2020-11-07 15:34:34.612] [jointLog] [info] iteration = 200 | max rel diff. = 0.0507846
[2020-11-07 15:34:34.644] [jointLog] [info] iteration = 300 | max rel diff. = 0.0303967
[2020-11-07 15:34:34.676] [jointLog] [info] iteration = 400 | max rel diff. = 0.0257713
[2020-11-07 15:34:34.707] [jointLog] [info] iteration = 500 | max rel diff. = 0.0167863
[2020-11-07 15:34:34.739] [jointLog] [info] iteration = 600 | max rel diff. = 0.0152076
[2020-11-07 15:34:34.771] [jointLog] [info] iteration = 700 | max rel diff. = 0.0128379
[2020-11-07 15:34:34.803] [jointLog] [info] iteration = 800 | max rel diff. = 0.0104189
[2020-11-07 15:34:34.835] [jointLog] [info] iteration = 900 | max rel diff. = 0.0102923
[2020-11-07 15:34:34.844] [jointLog] [info] iteration = 928 | max rel diff. = 0.00952247
[2020-11-07 15:34:34.844] [jointLog] [info] finished optimizer
