[2020-11-07 15:03:41.393] [jointLog] [info] Fragment incompatibility prior below threshold.  Incompatible fragments will be ignored.
[2020-11-07 15:03:41.393] [jointLog] [info] Usage of --useErrorModel implies use of range factorization. rangeFactorization bins is being set to 4
[2020-11-07 15:03:41.397] [jointLog] [info] numQuantThreads = 4
[2020-11-07 15:03:41.398] [jointLog] [warning] Fragment GC bias correction is currently *experimental* in single-end libraries.  Please use this option with caution.
[2020-11-07 15:03:42.404] [fileLog] [info] quantification processed 0 fragments so far

[2020-11-07 15:03:42.405] [fileLog] [info] quantification processed 73045 fragments so far

[2020-11-07 15:03:42.189] [jointLog] [info] replaced 1471 non-ACGT nucleotides with random nucleotides
[2020-11-07 15:03:42.843] [jointLog] [info] Thread saw mini-batch with a maximum of 8.89% zero probability fragments
[2020-11-07 15:03:42.853] [jointLog] [info] Thread saw mini-batch with a maximum of 6.10% zero probability fragments
[2020-11-07 15:03:42.853] [jointLog] [info] Thread saw mini-batch with a maximum of 6.60% zero probability fragments
[2020-11-07 15:03:42.854] [jointLog] [info] Thread saw mini-batch with a maximum of 6.40% zero probability fragments
[2020-11-07 15:03:42.854] [jointLog] [info] 


Completed first pass through the alignment file.
Total # of mapped reads : 73045
# of uniquely mapped reads : 71602
# ambiguously mapped reads : 1443



[2020-11-07 15:03:42.860] [jointLog] [info] Computed 1341 rich equivalence classes for further processing
[2020-11-07 15:03:42.860] [jointLog] [info] Counted 69308 total reads in the equivalence classes 
[2020-11-07 15:03:42.862] [jointLog] [warning] Only 73045 fragments were mapped, but the number of burn-in fragments was set to 5000000.
The effective lengths have been computed using the observed mappings.

[2020-11-07 15:03:42.862] [jointLog] [info] starting optimizer
[2020-11-07 15:03:42.868] [jointLog] [info] Marked 0 weighted equivalence classes as degenerate
[2020-11-07 15:03:42.868] [jointLog] [info] iteration = 0 | max rel diff. = 5.60293
[2020-11-07 15:03:42.870] [jointLog] [info] iteration 11, adjusting effective lengths to account for biases
[2020-11-07 15:03:43.563] [jointLog] [info] Computed expected counts (for bias correction)
[2020-11-07 15:03:43.563] [jointLog] [info] processed bias for 0.0% of the transcripts
[2020-11-07 15:03:44.271] [jointLog] [info] processed bias for 100.0% of the transcripts
[2020-11-07 15:03:44.287] [jointLog] [info] iteration = 100 | max rel diff. = 0.0874525
[2020-11-07 15:03:44.290] [jointLog] [info] iteration = 115 | max rel diff. = 0.00318159
[2020-11-07 15:03:44.293] [jointLog] [info] finished optimizer
[2020-11-07 15:38:58.152] [jointLog] [info] Fragment incompatibility prior below threshold.  Incompatible fragments will be ignored.
[2020-11-07 15:38:58.152] [jointLog] [info] Usage of --useErrorModel implies use of range factorization. rangeFactorization bins is being set to 4
[2020-11-07 15:38:58.154] [jointLog] [info] numQuantThreads = 4
[2020-11-07 15:38:58.795] [jointLog] [info] replaced 1471 non-ACGT nucleotides with random nucleotides
[2020-11-07 15:38:59.010] [fileLog] [info] quantification processed 0 fragments so far

[2020-11-07 15:38:59.010] [fileLog] [info] quantification processed 73045 fragments so far

[2020-11-07 15:38:59.435] [jointLog] [info] Thread saw mini-batch with a maximum of 8.89% zero probability fragments
[2020-11-07 15:38:59.443] [jointLog] [info] Thread saw mini-batch with a maximum of 6.40% zero probability fragments
[2020-11-07 15:38:59.443] [jointLog] [info] Thread saw mini-batch with a maximum of 6.40% zero probability fragments
[2020-11-07 15:38:59.443] [jointLog] [info] Thread saw mini-batch with a maximum of 6.60% zero probability fragments
[2020-11-07 15:38:59.444] [jointLog] [info] 


Completed first pass through the alignment file.
Total # of mapped reads : 73045
# of uniquely mapped reads : 71602
# ambiguously mapped reads : 1443



[2020-11-07 15:38:59.449] [jointLog] [info] Computed 1341 rich equivalence classes for further processing
[2020-11-07 15:38:59.449] [jointLog] [info] Counted 69308 total reads in the equivalence classes 
[2020-11-07 15:38:59.452] [jointLog] [warning] Only 73045 fragments were mapped, but the number of burn-in fragments was set to 5000000.
The effective lengths have been computed using the observed mappings.

[2020-11-07 15:38:59.452] [jointLog] [info] starting optimizer
[2020-11-07 15:38:59.458] [jointLog] [info] Marked 0 weighted equivalence classes as degenerate
[2020-11-07 15:38:59.458] [jointLog] [info] iteration = 0 | max rel diff. = 5.82606
[2020-11-07 15:38:59.475] [jointLog] [info] iteration = 100 | max rel diff. = 0.0832742
[2020-11-07 15:38:59.492] [jointLog] [info] iteration = 200 | max rel diff. = 0.018679
[2020-11-07 15:38:59.508] [jointLog] [info] iteration = 298 | max rel diff. = 0.00608912
[2020-11-07 15:38:59.508] [jointLog] [info] finished optimizer
