[2020-11-07 15:03:24.157] [jointLog] [info] Fragment incompatibility prior below threshold.  Incompatible fragments will be ignored.
[2020-11-07 15:03:24.157] [jointLog] [info] Usage of --useErrorModel implies use of range factorization. rangeFactorization bins is being set to 4
[2020-11-07 15:03:24.162] [jointLog] [info] numQuantThreads = 4
[2020-11-07 15:03:24.163] [jointLog] [warning] Fragment GC bias correction is currently *experimental* in single-end libraries.  Please use this option with caution.
[2020-11-07 15:03:25.238] [fileLog] [info] quantification processed 0 fragments so far

[2020-11-07 15:03:25.241] [fileLog] [info] quantification processed 368099 fragments so far

[2020-11-07 15:03:25.003] [jointLog] [info] replaced 1471 non-ACGT nucleotides with random nucleotides
[2020-11-07 15:03:27.578] [jointLog] [info] Thread saw mini-batch with a maximum of 5.80% zero probability fragments
[2020-11-07 15:03:27.579] [jointLog] [info] Thread saw mini-batch with a maximum of 6.10% zero probability fragments
[2020-11-07 15:03:27.580] [jointLog] [info] Thread saw mini-batch with a maximum of 6.10% zero probability fragments
[2020-11-07 15:03:27.582] [jointLog] [info] Thread saw mini-batch with a maximum of 6.50% zero probability fragments
[2020-11-07 15:03:27.582] [jointLog] [info] 


Completed first pass through the alignment file.
Total # of mapped reads : 368099
# of uniquely mapped reads : 348200
# ambiguously mapped reads : 19899



[2020-11-07 15:03:27.588] [jointLog] [info] Computed 3508 rich equivalence classes for further processing
[2020-11-07 15:03:27.588] [jointLog] [info] Counted 351531 total reads in the equivalence classes 
[2020-11-07 15:03:27.590] [jointLog] [warning] Only 368099 fragments were mapped, but the number of burn-in fragments was set to 5000000.
The effective lengths have been computed using the observed mappings.

[2020-11-07 15:03:27.591] [jointLog] [info] starting optimizer
[2020-11-07 15:03:27.597] [jointLog] [info] Marked 0 weighted equivalence classes as degenerate
[2020-11-07 15:03:27.597] [jointLog] [info] iteration = 0 | max rel diff. = 30.1863
[2020-11-07 15:03:27.600] [jointLog] [info] iteration 11, adjusting effective lengths to account for biases
[2020-11-07 15:03:29.305] [jointLog] [info] Computed expected counts (for bias correction)
[2020-11-07 15:03:29.305] [jointLog] [info] processed bias for 0.0% of the transcripts
[2020-11-07 15:03:30.555] [jointLog] [info] processed bias for 10.0% of the transcripts
[2020-11-07 15:03:31.049] [jointLog] [info] processed bias for 100.0% of the transcripts
[2020-11-07 15:03:31.068] [jointLog] [info] iteration = 100 | max rel diff. = 0.0857143
[2020-11-07 15:03:31.088] [jointLog] [info] iteration = 200 | max rel diff. = 0.0302627
[2020-11-07 15:03:31.107] [jointLog] [info] iteration = 300 | max rel diff. = 0.0140845
[2020-11-07 15:03:31.127] [jointLog] [info] iteration = 400 | max rel diff. = 0.0140845
[2020-11-07 15:03:31.147] [jointLog] [info] iteration = 500 | max rel diff. = 0.0140845
[2020-11-07 15:03:31.166] [jointLog] [info] iteration = 600 | max rel diff. = 0.0140845
[2020-11-07 15:03:31.175] [jointLog] [info] iteration = 644 | max rel diff. = 1.93485e-06
[2020-11-07 15:03:31.177] [jointLog] [info] finished optimizer
[2020-11-07 15:34:12.985] [jointLog] [info] Fragment incompatibility prior below threshold.  Incompatible fragments will be ignored.
[2020-11-07 15:34:12.985] [jointLog] [info] Usage of --useErrorModel implies use of range factorization. rangeFactorization bins is being set to 4
[2020-11-07 15:34:12.988] [jointLog] [info] numQuantThreads = 4
[2020-11-07 15:34:13.614] [jointLog] [info] replaced 1471 non-ACGT nucleotides with random nucleotides
[2020-11-07 15:34:13.834] [fileLog] [info] quantification processed 0 fragments so far

[2020-11-07 15:34:13.837] [fileLog] [info] quantification processed 368099 fragments so far

[2020-11-07 15:34:15.997] [jointLog] [info] Thread saw mini-batch with a maximum of 6.10% zero probability fragments
[2020-11-07 15:34:15.999] [jointLog] [info] Thread saw mini-batch with a maximum of 6.30% zero probability fragments
[2020-11-07 15:34:16.005] [jointLog] [info] Thread saw mini-batch with a maximum of 6.50% zero probability fragments
[2020-11-07 15:34:16.008] [jointLog] [info] Thread saw mini-batch with a maximum of 5.90% zero probability fragments
[2020-11-07 15:34:16.008] [jointLog] [info] 


Completed first pass through the alignment file.
Total # of mapped reads : 368099
# of uniquely mapped reads : 348200
# ambiguously mapped reads : 19899



[2020-11-07 15:34:16.016] [jointLog] [info] Computed 3508 rich equivalence classes for further processing
[2020-11-07 15:34:16.016] [jointLog] [info] Counted 351531 total reads in the equivalence classes 
[2020-11-07 15:34:16.018] [jointLog] [warning] Only 368099 fragments were mapped, but the number of burn-in fragments was set to 5000000.
The effective lengths have been computed using the observed mappings.

[2020-11-07 15:34:16.018] [jointLog] [info] starting optimizer
[2020-11-07 15:34:16.024] [jointLog] [info] Marked 0 weighted equivalence classes as degenerate
[2020-11-07 15:34:16.025] [jointLog] [info] iteration = 0 | max rel diff. = 31.1237
[2020-11-07 15:34:16.044] [jointLog] [info] iteration = 100 | max rel diff. = 0.0560169
[2020-11-07 15:34:16.063] [jointLog] [info] iteration = 200 | max rel diff. = 0.0309532
[2020-11-07 15:34:16.081] [jointLog] [info] iteration = 300 | max rel diff. = 0.0190445
[2020-11-07 15:34:16.100] [jointLog] [info] iteration = 400 | max rel diff. = 0.0190986
[2020-11-07 15:34:16.119] [jointLog] [info] iteration = 500 | max rel diff. = 0.0191068
[2020-11-07 15:34:16.138] [jointLog] [info] iteration = 600 | max rel diff. = 0.0120534
[2020-11-07 15:34:16.157] [jointLog] [info] iteration = 700 | max rel diff. = 0.0120597
[2020-11-07 15:34:16.176] [jointLog] [info] iteration = 800 | max rel diff. = 0.0120616
[2020-11-07 15:34:16.180] [jointLog] [info] iteration = 821 | max rel diff. = 0.00158562
[2020-11-07 15:34:16.180] [jointLog] [info] finished optimizer
