[2020-11-07 15:05:30.357] [jointLog] [info] Fragment incompatibility prior below threshold.  Incompatible fragments will be ignored.
[2020-11-07 15:05:30.357] [jointLog] [info] Usage of --useErrorModel implies use of range factorization. rangeFactorization bins is being set to 4
[2020-11-07 15:05:30.360] [jointLog] [info] numQuantThreads = 4
[2020-11-07 15:05:30.361] [jointLog] [warning] Fragment GC bias correction is currently *experimental* in single-end libraries.  Please use this option with caution.
[2020-11-07 15:05:30.796] [jointLog] [warning] Transcript gene-ND5 appears in the reference but did not appear in the BAM
[2020-11-07 15:05:30.796] [jointLog] [warning] Transcript id-ND5 appears in the reference but did not appear in the BAM
[2020-11-07 15:05:30.796] [jointLog] [warning] Transcript gene-ND1 appears in the reference but did not appear in the BAM
[2020-11-07 15:05:30.796] [jointLog] [warning] Transcript gene-CYTB appears in the reference but did not appear in the BAM
[2020-11-07 15:05:30.796] [jointLog] [warning] Transcript gene-ND2 appears in the reference but did not appear in the BAM
[2020-11-07 15:05:30.796] [jointLog] [warning] Transcript gene-ND6 appears in the reference but did not appear in the BAM
[2020-11-07 15:05:30.796] [jointLog] [warning] Transcript gene-ATP6 appears in the reference but did not appear in the BAM
[2020-11-07 15:05:30.796] [jointLog] [warning] Transcript gene-ND4 appears in the reference but did not appear in the BAM
[2020-11-07 15:05:30.796] [jointLog] [warning] Transcript gene-COX3 appears in the reference but did not appear in the BAM
[2020-11-07 15:05:30.796] [jointLog] [warning] Transcript gene-COX2 appears in the reference but did not appear in the BAM
[2020-11-07 15:05:30.796] [jointLog] [warning] Transcript gene-ND4L appears in the reference but did not appear in the BAM
[2020-11-07 15:05:30.796] [jointLog] [warning] Transcript gene-ND3 appears in the reference but did not appear in the BAM
[2020-11-07 15:05:30.796] [jointLog] [warning] Transcript gene-ATP8 appears in the reference but did not appear in the BAM
[2020-11-07 15:05:30.796] [jointLog] [warning] Transcript gene-COX1 appears in the reference but did not appear in the BAM
[2020-11-07 15:05:32.017] [fileLog] [info] quantification processed 0 fragments so far

[2020-11-07 15:05:31.786] [jointLog] [info] replaced 2253 non-ACGT nucleotides with random nucleotides
[2020-11-07 15:05:32.678] [fileLog] [info] quantification processed 1000000 fragments so far

[2020-11-07 15:05:33.891] [fileLog] [info] quantification processed 2000000 fragments so far

[2020-11-07 15:05:34.369] [jointLog] [info] 

The alignment group queue pool has been exhausted.  926849 extra fragments were allocated on the heap to saturate the pool.  No new fragments will be allocated


[2020-11-07 15:05:37.923] [fileLog] [info] quantification processed 2958367 fragments so far

[2020-11-07 15:05:52.172] [jointLog] [info] Thread saw mini-batch with a maximum of 4.90% zero probability fragments
[2020-11-07 15:05:52.175] [jointLog] [info] Thread saw mini-batch with a maximum of 5.80% zero probability fragments
[2020-11-07 15:05:52.181] [jointLog] [info] Thread saw mini-batch with a maximum of 10.35% zero probability fragments
[2020-11-07 15:05:52.187] [jointLog] [info] Thread saw mini-batch with a maximum of 5.90% zero probability fragments
[2020-11-07 15:05:52.188] [jointLog] [info] 


Completed first pass through the alignment file.
Total # of mapped reads : 2958367
# of uniquely mapped reads : 2221228
# ambiguously mapped reads : 737139



[2020-11-07 15:05:52.202] [jointLog] [info] Computed 18847 rich equivalence classes for further processing
[2020-11-07 15:05:52.202] [jointLog] [info] Counted 2865075 total reads in the equivalence classes 
[2020-11-07 15:05:52.205] [jointLog] [warning] Only 2958367 fragments were mapped, but the number of burn-in fragments was set to 5000000.
The effective lengths have been computed using the observed mappings.

[2020-11-07 15:05:52.205] [jointLog] [info] starting optimizer
[2020-11-07 15:05:52.216] [jointLog] [info] Marked 0 weighted equivalence classes as degenerate
[2020-11-07 15:05:52.217] [jointLog] [info] iteration = 0 | max rel diff. = 141.74
[2020-11-07 15:05:52.224] [jointLog] [info] iteration 11, adjusting effective lengths to account for biases
[2020-11-07 15:06:03.677] [jointLog] [info] Computed expected counts (for bias correction)
[2020-11-07 15:06:03.677] [jointLog] [info] processed bias for 0.0% of the transcripts
[2020-11-07 15:06:05.844] [jointLog] [info] processed bias for 10.0% of the transcripts
[2020-11-07 15:06:08.034] [jointLog] [info] processed bias for 20.0% of the transcripts
[2020-11-07 15:06:10.186] [jointLog] [info] processed bias for 30.0% of the transcripts
[2020-11-07 15:06:12.339] [jointLog] [info] processed bias for 40.0% of the transcripts
[2020-11-07 15:06:14.431] [jointLog] [info] processed bias for 50.0% of the transcripts
[2020-11-07 15:06:15.404] [jointLog] [info] processed bias for 100.0% of the transcripts
[2020-11-07 15:06:15.466] [jointLog] [info] iteration = 100 | max rel diff. = 0.126416
[2020-11-07 15:06:15.532] [jointLog] [info] iteration = 200 | max rel diff. = 0.057589
[2020-11-07 15:06:15.598] [jointLog] [info] iteration = 300 | max rel diff. = 0.0381128
[2020-11-07 15:06:15.664] [jointLog] [info] iteration = 400 | max rel diff. = 0.0292398
[2020-11-07 15:06:15.730] [jointLog] [info] iteration = 500 | max rel diff. = 0.0245488
[2020-11-07 15:06:15.796] [jointLog] [info] iteration = 600 | max rel diff. = 0.0197741
[2020-11-07 15:06:15.863] [jointLog] [info] iteration = 700 | max rel diff. = 0.02101
[2020-11-07 15:06:15.929] [jointLog] [info] iteration = 800 | max rel diff. = 0.0211708
[2020-11-07 15:06:15.995] [jointLog] [info] iteration = 900 | max rel diff. = 0.0211907
[2020-11-07 15:06:16.061] [jointLog] [info] iteration = 1000 | max rel diff. = 0.0105703
[2020-11-07 15:06:16.091] [jointLog] [info] iteration = 1047 | max rel diff. = 0.00877686
[2020-11-07 15:06:16.094] [jointLog] [info] finished optimizer
[2020-11-07 15:39:51.001] [jointLog] [info] Fragment incompatibility prior below threshold.  Incompatible fragments will be ignored.
[2020-11-07 15:39:51.001] [jointLog] [info] Usage of --useErrorModel implies use of range factorization. rangeFactorization bins is being set to 4
[2020-11-07 15:39:51.004] [jointLog] [info] numQuantThreads = 4
[2020-11-07 15:39:51.445] [jointLog] [warning] Transcript gene-ND5 appears in the reference but did not appear in the BAM
[2020-11-07 15:39:51.445] [jointLog] [warning] Transcript id-ND5 appears in the reference but did not appear in the BAM
[2020-11-07 15:39:51.445] [jointLog] [warning] Transcript gene-ND1 appears in the reference but did not appear in the BAM
[2020-11-07 15:39:51.445] [jointLog] [warning] Transcript gene-CYTB appears in the reference but did not appear in the BAM
[2020-11-07 15:39:51.445] [jointLog] [warning] Transcript gene-ND2 appears in the reference but did not appear in the BAM
[2020-11-07 15:39:51.445] [jointLog] [warning] Transcript gene-ND6 appears in the reference but did not appear in the BAM
[2020-11-07 15:39:51.445] [jointLog] [warning] Transcript gene-ATP6 appears in the reference but did not appear in the BAM
[2020-11-07 15:39:51.445] [jointLog] [warning] Transcript gene-ND4 appears in the reference but did not appear in the BAM
[2020-11-07 15:39:51.445] [jointLog] [warning] Transcript gene-COX3 appears in the reference but did not appear in the BAM
[2020-11-07 15:39:51.445] [jointLog] [warning] Transcript gene-COX2 appears in the reference but did not appear in the BAM
[2020-11-07 15:39:51.445] [jointLog] [warning] Transcript gene-ND4L appears in the reference but did not appear in the BAM
[2020-11-07 15:39:51.445] [jointLog] [warning] Transcript gene-ND3 appears in the reference but did not appear in the BAM
[2020-11-07 15:39:51.445] [jointLog] [warning] Transcript gene-ATP8 appears in the reference but did not appear in the BAM
[2020-11-07 15:39:51.445] [jointLog] [warning] Transcript gene-COX1 appears in the reference but did not appear in the BAM
[2020-11-07 15:39:52.030] [jointLog] [info] replaced 2253 non-ACGT nucleotides with random nucleotides
[2020-11-07 15:39:52.257] [fileLog] [info] quantification processed 0 fragments so far

[2020-11-07 15:39:52.773] [fileLog] [info] quantification processed 1000000 fragments so far

[2020-11-07 15:39:53.738] [fileLog] [info] quantification processed 2000000 fragments so far

[2020-11-07 15:39:54.049] [jointLog] [info] 

The alignment group queue pool has been exhausted.  926301 extra fragments were allocated on the heap to saturate the pool.  No new fragments will be allocated


[2020-11-07 15:39:57.594] [fileLog] [info] quantification processed 2958367 fragments so far

[2020-11-07 15:40:10.135] [jointLog] [info] Thread saw mini-batch with a maximum of 5.80% zero probability fragments
[2020-11-07 15:40:10.136] [jointLog] [info] Thread saw mini-batch with a maximum of 10.35% zero probability fragments
[2020-11-07 15:40:10.141] [jointLog] [info] Thread saw mini-batch with a maximum of 5.20% zero probability fragments
[2020-11-07 15:40:10.145] [jointLog] [info] Thread saw mini-batch with a maximum of 5.90% zero probability fragments
[2020-11-07 15:40:10.146] [jointLog] [info] 


Completed first pass through the alignment file.
Total # of mapped reads : 2958367
# of uniquely mapped reads : 2221228
# ambiguously mapped reads : 737139



[2020-11-07 15:40:10.166] [jointLog] [info] Computed 18845 rich equivalence classes for further processing
[2020-11-07 15:40:10.166] [jointLog] [info] Counted 2865075 total reads in the equivalence classes 
[2020-11-07 15:40:10.171] [jointLog] [warning] Only 2958367 fragments were mapped, but the number of burn-in fragments was set to 5000000.
The effective lengths have been computed using the observed mappings.

[2020-11-07 15:40:10.173] [jointLog] [info] starting optimizer
[2020-11-07 15:40:10.185] [jointLog] [info] Marked 0 weighted equivalence classes as degenerate
[2020-11-07 15:40:10.186] [jointLog] [info] iteration = 0 | max rel diff. = 144.781
[2020-11-07 15:40:10.256] [jointLog] [info] iteration = 100 | max rel diff. = 0.11267
[2020-11-07 15:40:10.326] [jointLog] [info] iteration = 200 | max rel diff. = 0.0581383
[2020-11-07 15:40:10.395] [jointLog] [info] iteration = 300 | max rel diff. = 0.0358399
[2020-11-07 15:40:10.465] [jointLog] [info] iteration = 400 | max rel diff. = 0.0278176
[2020-11-07 15:40:10.534] [jointLog] [info] iteration = 500 | max rel diff. = 0.0237237
[2020-11-07 15:40:10.603] [jointLog] [info] iteration = 600 | max rel diff. = 0.0179036
[2020-11-07 15:40:10.672] [jointLog] [info] iteration = 700 | max rel diff. = 0.0161325
[2020-11-07 15:40:10.742] [jointLog] [info] iteration = 800 | max rel diff. = 0.0152583
[2020-11-07 15:40:10.811] [jointLog] [info] iteration = 900 | max rel diff. = 0.0117991
[2020-11-07 15:40:10.880] [jointLog] [info] iteration = 1000 | max rel diff. = 0.0111477
[2020-11-07 15:40:10.920] [jointLog] [info] iteration = 1058 | max rel diff. = 0.00962922
[2020-11-07 15:40:10.920] [jointLog] [info] finished optimizer
