[2020-11-07 15:04:17.000] [jointLog] [info] Fragment incompatibility prior below threshold.  Incompatible fragments will be ignored.
[2020-11-07 15:04:17.000] [jointLog] [info] Usage of --useErrorModel implies use of range factorization. rangeFactorization bins is being set to 4
[2020-11-07 15:04:17.004] [jointLog] [info] numQuantThreads = 4
[2020-11-07 15:04:17.004] [jointLog] [warning] Fragment GC bias correction is currently *experimental* in single-end libraries.  Please use this option with caution.
[2020-11-07 15:04:17.464] [jointLog] [warning] Transcript gene-ND5 appears in the reference but did not appear in the BAM
[2020-11-07 15:04:17.464] [jointLog] [warning] Transcript id-ND5 appears in the reference but did not appear in the BAM
[2020-11-07 15:04:17.464] [jointLog] [warning] Transcript gene-ND1 appears in the reference but did not appear in the BAM
[2020-11-07 15:04:17.464] [jointLog] [warning] Transcript gene-CYTB appears in the reference but did not appear in the BAM
[2020-11-07 15:04:17.464] [jointLog] [warning] Transcript gene-ND2 appears in the reference but did not appear in the BAM
[2020-11-07 15:04:17.464] [jointLog] [warning] Transcript gene-ND6 appears in the reference but did not appear in the BAM
[2020-11-07 15:04:17.464] [jointLog] [warning] Transcript gene-ATP6 appears in the reference but did not appear in the BAM
[2020-11-07 15:04:17.464] [jointLog] [warning] Transcript gene-ND4 appears in the reference but did not appear in the BAM
[2020-11-07 15:04:17.464] [jointLog] [warning] Transcript gene-COX3 appears in the reference but did not appear in the BAM
[2020-11-07 15:04:17.464] [jointLog] [warning] Transcript gene-COX2 appears in the reference but did not appear in the BAM
[2020-11-07 15:04:17.464] [jointLog] [warning] Transcript gene-ND4L appears in the reference but did not appear in the BAM
[2020-11-07 15:04:17.464] [jointLog] [warning] Transcript gene-ND3 appears in the reference but did not appear in the BAM
[2020-11-07 15:04:17.464] [jointLog] [warning] Transcript gene-ATP8 appears in the reference but did not appear in the BAM
[2020-11-07 15:04:17.464] [jointLog] [warning] Transcript gene-COX1 appears in the reference but did not appear in the BAM
[2020-11-07 15:04:18.511] [jointLog] [info] replaced 2253 non-ACGT nucleotides with random nucleotides
[2020-11-07 15:04:18.751] [fileLog] [info] quantification processed 0 fragments so far

[2020-11-07 15:04:19.422] [fileLog] [info] quantification processed 1000000 fragments so far

[2020-11-07 15:04:20.680] [fileLog] [info] quantification processed 2000000 fragments so far

[2020-11-07 15:04:21.149] [jointLog] [info] 

The alignment group queue pool has been exhausted.  875453 extra fragments were allocated on the heap to saturate the pool.  No new fragments will be allocated


[2020-11-07 15:04:21.765] [fileLog] [info] quantification processed 2453442 fragments so far

[2020-11-07 15:04:36.176] [jointLog] [info] Thread saw mini-batch with a maximum of 5.10% zero probability fragments
[2020-11-07 15:04:36.189] [jointLog] [info] Thread saw mini-batch with a maximum of 5.10% zero probability fragments
[2020-11-07 15:04:36.190] [jointLog] [info] Thread saw mini-batch with a maximum of 4.90% zero probability fragments
[2020-11-07 15:04:36.198] [jointLog] [info] Thread saw mini-batch with a maximum of 5.20% zero probability fragments
[2020-11-07 15:04:36.198] [jointLog] [info] 


Completed first pass through the alignment file.
Total # of mapped reads : 2453442
# of uniquely mapped reads : 1893318
# ambiguously mapped reads : 560124



[2020-11-07 15:04:36.216] [jointLog] [info] Computed 26909 rich equivalence classes for further processing
[2020-11-07 15:04:36.216] [jointLog] [info] Counted 2373996 total reads in the equivalence classes 
[2020-11-07 15:04:36.219] [jointLog] [warning] Only 2453442 fragments were mapped, but the number of burn-in fragments was set to 5000000.
The effective lengths have been computed using the observed mappings.

[2020-11-07 15:04:36.219] [jointLog] [info] starting optimizer
[2020-11-07 15:04:36.230] [jointLog] [info] Marked 0 weighted equivalence classes as degenerate
[2020-11-07 15:04:36.231] [jointLog] [info] iteration = 0 | max rel diff. = 127.421
[2020-11-07 15:04:36.239] [jointLog] [info] iteration 11, adjusting effective lengths to account for biases
[2020-11-07 15:04:50.270] [jointLog] [info] Computed expected counts (for bias correction)
[2020-11-07 15:04:50.270] [jointLog] [info] processed bias for 0.0% of the transcripts
[2020-11-07 15:04:52.297] [jointLog] [info] processed bias for 10.0% of the transcripts
[2020-11-07 15:04:54.277] [jointLog] [info] processed bias for 20.0% of the transcripts
[2020-11-07 15:04:56.376] [jointLog] [info] processed bias for 30.0% of the transcripts
[2020-11-07 15:04:58.384] [jointLog] [info] processed bias for 40.0% of the transcripts
[2020-11-07 15:05:00.478] [jointLog] [info] processed bias for 50.0% of the transcripts
[2020-11-07 15:05:02.499] [jointLog] [info] processed bias for 60.0% of the transcripts
[2020-11-07 15:05:04.422] [jointLog] [info] processed bias for 70.0% of the transcripts
[2020-11-07 15:05:04.582] [jointLog] [info] processed bias for 100.0% of the transcripts
[2020-11-07 15:05:04.650] [jointLog] [info] iteration = 100 | max rel diff. = 0.122173
[2020-11-07 15:05:04.725] [jointLog] [info] iteration = 200 | max rel diff. = 0.0554587
[2020-11-07 15:05:04.800] [jointLog] [info] iteration = 300 | max rel diff. = 0.0345201
[2020-11-07 15:05:04.875] [jointLog] [info] iteration = 400 | max rel diff. = 0.0450618
[2020-11-07 15:05:04.951] [jointLog] [info] iteration = 500 | max rel diff. = 0.0202119
[2020-11-07 15:05:05.026] [jointLog] [info] iteration = 600 | max rel diff. = 0.0196922
[2020-11-07 15:05:05.101] [jointLog] [info] iteration = 700 | max rel diff. = 0.0150863
[2020-11-07 15:05:05.177] [jointLog] [info] iteration = 800 | max rel diff. = 0.0151253
[2020-11-07 15:05:05.252] [jointLog] [info] iteration = 900 | max rel diff. = 0.0122151
[2020-11-07 15:05:05.290] [jointLog] [info] iteration = 951 | max rel diff. = 0.00944848
[2020-11-07 15:05:05.294] [jointLog] [info] finished optimizer
[2020-11-07 15:38:59.977] [jointLog] [info] Fragment incompatibility prior below threshold.  Incompatible fragments will be ignored.
[2020-11-07 15:38:59.977] [jointLog] [info] Usage of --useErrorModel implies use of range factorization. rangeFactorization bins is being set to 4
[2020-11-07 15:38:59.980] [jointLog] [info] numQuantThreads = 4
[2020-11-07 15:39:00.416] [jointLog] [warning] Transcript gene-ND5 appears in the reference but did not appear in the BAM
[2020-11-07 15:39:00.416] [jointLog] [warning] Transcript id-ND5 appears in the reference but did not appear in the BAM
[2020-11-07 15:39:00.416] [jointLog] [warning] Transcript gene-ND1 appears in the reference but did not appear in the BAM
[2020-11-07 15:39:00.416] [jointLog] [warning] Transcript gene-CYTB appears in the reference but did not appear in the BAM
[2020-11-07 15:39:00.416] [jointLog] [warning] Transcript gene-ND2 appears in the reference but did not appear in the BAM
[2020-11-07 15:39:00.416] [jointLog] [warning] Transcript gene-ND6 appears in the reference but did not appear in the BAM
[2020-11-07 15:39:00.416] [jointLog] [warning] Transcript gene-ATP6 appears in the reference but did not appear in the BAM
[2020-11-07 15:39:00.416] [jointLog] [warning] Transcript gene-ND4 appears in the reference but did not appear in the BAM
[2020-11-07 15:39:00.416] [jointLog] [warning] Transcript gene-COX3 appears in the reference but did not appear in the BAM
[2020-11-07 15:39:00.416] [jointLog] [warning] Transcript gene-COX2 appears in the reference but did not appear in the BAM
[2020-11-07 15:39:00.416] [jointLog] [warning] Transcript gene-ND4L appears in the reference but did not appear in the BAM
[2020-11-07 15:39:00.416] [jointLog] [warning] Transcript gene-ND3 appears in the reference but did not appear in the BAM
[2020-11-07 15:39:00.416] [jointLog] [warning] Transcript gene-ATP8 appears in the reference but did not appear in the BAM
[2020-11-07 15:39:00.416] [jointLog] [warning] Transcript gene-COX1 appears in the reference but did not appear in the BAM
[2020-11-07 15:39:01.048] [jointLog] [info] replaced 2253 non-ACGT nucleotides with random nucleotides
[2020-11-07 15:39:01.283] [fileLog] [info] quantification processed 0 fragments so far

[2020-11-07 15:39:01.954] [fileLog] [info] quantification processed 1000000 fragments so far

[2020-11-07 15:39:03.178] [fileLog] [info] quantification processed 2000000 fragments so far

[2020-11-07 15:39:03.606] [jointLog] [info] 

The alignment group queue pool has been exhausted.  875285 extra fragments were allocated on the heap to saturate the pool.  No new fragments will be allocated


[2020-11-07 15:39:04.296] [fileLog] [info] quantification processed 2453442 fragments so far

[2020-11-07 15:39:19.067] [jointLog] [info] Thread saw mini-batch with a maximum of 5.00% zero probability fragments
[2020-11-07 15:39:19.067] [jointLog] [info] Thread saw mini-batch with a maximum of 5.20% zero probability fragments
[2020-11-07 15:39:19.080] [jointLog] [info] Thread saw mini-batch with a maximum of 5.00% zero probability fragments
[2020-11-07 15:39:19.081] [jointLog] [info] Thread saw mini-batch with a maximum of 5.10% zero probability fragments
[2020-11-07 15:39:19.082] [jointLog] [info] 


Completed first pass through the alignment file.
Total # of mapped reads : 2453442
# of uniquely mapped reads : 1893318
# ambiguously mapped reads : 560124



[2020-11-07 15:39:19.099] [jointLog] [info] Computed 26887 rich equivalence classes for further processing
[2020-11-07 15:39:19.099] [jointLog] [info] Counted 2373996 total reads in the equivalence classes 
[2020-11-07 15:39:19.103] [jointLog] [warning] Only 2453442 fragments were mapped, but the number of burn-in fragments was set to 5000000.
The effective lengths have been computed using the observed mappings.

[2020-11-07 15:39:19.106] [jointLog] [info] starting optimizer
[2020-11-07 15:39:19.117] [jointLog] [info] Marked 0 weighted equivalence classes as degenerate
[2020-11-07 15:39:19.118] [jointLog] [info] iteration = 0 | max rel diff. = 130.12
[2020-11-07 15:39:19.191] [jointLog] [info] iteration = 100 | max rel diff. = 0.11176
[2020-11-07 15:39:19.263] [jointLog] [info] iteration = 200 | max rel diff. = 0.0562452
[2020-11-07 15:39:19.332] [jointLog] [info] iteration = 300 | max rel diff. = 0.0345374
[2020-11-07 15:39:19.402] [jointLog] [info] iteration = 400 | max rel diff. = 0.0278125
[2020-11-07 15:39:19.469] [jointLog] [info] iteration = 500 | max rel diff. = 0.0247144
[2020-11-07 15:39:19.536] [jointLog] [info] iteration = 600 | max rel diff. = 0.0171299
[2020-11-07 15:39:19.603] [jointLog] [info] iteration = 700 | max rel diff. = 0.0156405
[2020-11-07 15:39:19.669] [jointLog] [info] iteration = 800 | max rel diff. = 0.0149695
[2020-11-07 15:39:19.736] [jointLog] [info] iteration = 900 | max rel diff. = 0.0117998
[2020-11-07 15:39:19.803] [jointLog] [info] iteration = 1000 | max rel diff. = 0.0108245
[2020-11-07 15:39:19.863] [jointLog] [info] iteration = 1091 | max rel diff. = 0.00963531
[2020-11-07 15:39:19.864] [jointLog] [info] finished optimizer
