[2020-11-07 15:10:27.927] [jointLog] [info] Fragment incompatibility prior below threshold.  Incompatible fragments will be ignored.
[2020-11-07 15:10:27.927] [jointLog] [info] Usage of --useErrorModel implies use of range factorization. rangeFactorization bins is being set to 4
[2020-11-07 15:10:27.932] [jointLog] [info] numQuantThreads = 4
[2020-11-07 15:10:27.933] [jointLog] [warning] Fragment GC bias correction is currently *experimental* in single-end libraries.  Please use this option with caution.
[2020-11-07 15:10:28.368] [jointLog] [warning] Transcript gene-ND5 appears in the reference but did not appear in the BAM
[2020-11-07 15:10:28.368] [jointLog] [warning] Transcript id-ND5 appears in the reference but did not appear in the BAM
[2020-11-07 15:10:28.368] [jointLog] [warning] Transcript gene-ND1 appears in the reference but did not appear in the BAM
[2020-11-07 15:10:28.368] [jointLog] [warning] Transcript gene-CYTB appears in the reference but did not appear in the BAM
[2020-11-07 15:10:28.368] [jointLog] [warning] Transcript gene-ND2 appears in the reference but did not appear in the BAM
[2020-11-07 15:10:28.368] [jointLog] [warning] Transcript gene-ND6 appears in the reference but did not appear in the BAM
[2020-11-07 15:10:28.368] [jointLog] [warning] Transcript gene-ATP6 appears in the reference but did not appear in the BAM
[2020-11-07 15:10:28.368] [jointLog] [warning] Transcript gene-ND4 appears in the reference but did not appear in the BAM
[2020-11-07 15:10:28.368] [jointLog] [warning] Transcript gene-COX3 appears in the reference but did not appear in the BAM
[2020-11-07 15:10:28.368] [jointLog] [warning] Transcript gene-COX2 appears in the reference but did not appear in the BAM
[2020-11-07 15:10:28.368] [jointLog] [warning] Transcript gene-ND4L appears in the reference but did not appear in the BAM
[2020-11-07 15:10:28.368] [jointLog] [warning] Transcript gene-ND3 appears in the reference but did not appear in the BAM
[2020-11-07 15:10:28.368] [jointLog] [warning] Transcript gene-ATP8 appears in the reference but did not appear in the BAM
[2020-11-07 15:10:28.368] [jointLog] [warning] Transcript gene-COX1 appears in the reference but did not appear in the BAM
[2020-11-07 15:10:29.349] [jointLog] [info] replaced 2253 non-ACGT nucleotides with random nucleotides
[2020-11-07 15:10:29.575] [fileLog] [info] quantification processed 0 fragments so far

[2020-11-07 15:10:30.087] [fileLog] [info] quantification processed 1000000 fragments so far

[2020-11-07 15:10:31.035] [fileLog] [info] quantification processed 2000000 fragments so far

[2020-11-07 15:10:31.270] [jointLog] [info] 

The alignment group queue pool has been exhausted.  828613 extra fragments were allocated on the heap to saturate the pool.  No new fragments will be allocated


[2020-11-07 15:10:34.880] [fileLog] [info] quantification processed 2755536 fragments so far

[2020-11-07 15:10:50.651] [jointLog] [info] Thread saw mini-batch with a maximum of 5.00% zero probability fragments
[2020-11-07 15:10:50.652] [jointLog] [info] Thread saw mini-batch with a maximum of 5.20% zero probability fragments
[2020-11-07 15:10:50.659] [jointLog] [info] Thread saw mini-batch with a maximum of 4.80% zero probability fragments
[2020-11-07 15:10:50.660] [jointLog] [info] Thread saw mini-batch with a maximum of 5.00% zero probability fragments
[2020-11-07 15:10:50.660] [jointLog] [info] 


Completed first pass through the alignment file.
Total # of mapped reads : 2755536
# of uniquely mapped reads : 2100085
# ambiguously mapped reads : 655451



[2020-11-07 15:10:50.677] [jointLog] [info] Computed 23545 rich equivalence classes for further processing
[2020-11-07 15:10:50.677] [jointLog] [info] Counted 2670583 total reads in the equivalence classes 
[2020-11-07 15:10:50.680] [jointLog] [warning] Only 2755536 fragments were mapped, but the number of burn-in fragments was set to 5000000.
The effective lengths have been computed using the observed mappings.

[2020-11-07 15:10:50.680] [jointLog] [info] starting optimizer
[2020-11-07 15:10:50.692] [jointLog] [info] Marked 0 weighted equivalence classes as degenerate
[2020-11-07 15:10:50.693] [jointLog] [info] iteration = 0 | max rel diff. = 118.88
[2020-11-07 15:10:50.701] [jointLog] [info] iteration 11, adjusting effective lengths to account for biases
[2020-11-07 15:11:03.520] [jointLog] [info] Computed expected counts (for bias correction)
[2020-11-07 15:11:03.521] [jointLog] [info] processed bias for 0.0% of the transcripts
[2020-11-07 15:11:05.563] [jointLog] [info] processed bias for 10.0% of the transcripts
[2020-11-07 15:11:07.533] [jointLog] [info] processed bias for 20.0% of the transcripts
[2020-11-07 15:11:09.479] [jointLog] [info] processed bias for 30.0% of the transcripts
[2020-11-07 15:11:11.424] [jointLog] [info] processed bias for 40.0% of the transcripts
[2020-11-07 15:11:13.561] [jointLog] [info] processed bias for 50.0% of the transcripts
[2020-11-07 15:11:15.519] [jointLog] [info] processed bias for 60.0% of the transcripts
[2020-11-07 15:11:16.773] [jointLog] [info] processed bias for 100.0% of the transcripts
[2020-11-07 15:11:16.837] [jointLog] [info] iteration = 100 | max rel diff. = 0.114417
[2020-11-07 15:11:16.907] [jointLog] [info] iteration = 200 | max rel diff. = 0.0647651
[2020-11-07 15:11:16.977] [jointLog] [info] iteration = 300 | max rel diff. = 0.0369802
[2020-11-07 15:11:17.047] [jointLog] [info] iteration = 400 | max rel diff. = 0.0306007
[2020-11-07 15:11:17.117] [jointLog] [info] iteration = 500 | max rel diff. = 0.021719
[2020-11-07 15:11:17.187] [jointLog] [info] iteration = 600 | max rel diff. = 0.0195276
[2020-11-07 15:11:17.258] [jointLog] [info] iteration = 700 | max rel diff. = 0.0195276
[2020-11-07 15:11:17.329] [jointLog] [info] iteration = 800 | max rel diff. = 0.0144104
[2020-11-07 15:11:17.399] [jointLog] [info] iteration = 900 | max rel diff. = 0.0103129
[2020-11-07 15:11:17.410] [jointLog] [info] iteration = 916 | max rel diff. = 0.00999766
[2020-11-07 15:11:17.414] [jointLog] [info] finished optimizer
[2020-11-07 15:35:12.413] [jointLog] [info] Fragment incompatibility prior below threshold.  Incompatible fragments will be ignored.
[2020-11-07 15:35:12.413] [jointLog] [info] Usage of --useErrorModel implies use of range factorization. rangeFactorization bins is being set to 4
[2020-11-07 15:35:12.416] [jointLog] [info] numQuantThreads = 4
[2020-11-07 15:35:12.840] [jointLog] [warning] Transcript gene-ND5 appears in the reference but did not appear in the BAM
[2020-11-07 15:35:12.840] [jointLog] [warning] Transcript id-ND5 appears in the reference but did not appear in the BAM
[2020-11-07 15:35:12.840] [jointLog] [warning] Transcript gene-ND1 appears in the reference but did not appear in the BAM
[2020-11-07 15:35:12.840] [jointLog] [warning] Transcript gene-CYTB appears in the reference but did not appear in the BAM
[2020-11-07 15:35:12.840] [jointLog] [warning] Transcript gene-ND2 appears in the reference but did not appear in the BAM
[2020-11-07 15:35:12.840] [jointLog] [warning] Transcript gene-ND6 appears in the reference but did not appear in the BAM
[2020-11-07 15:35:12.840] [jointLog] [warning] Transcript gene-ATP6 appears in the reference but did not appear in the BAM
[2020-11-07 15:35:12.840] [jointLog] [warning] Transcript gene-ND4 appears in the reference but did not appear in the BAM
[2020-11-07 15:35:12.840] [jointLog] [warning] Transcript gene-COX3 appears in the reference but did not appear in the BAM
[2020-11-07 15:35:12.840] [jointLog] [warning] Transcript gene-COX2 appears in the reference but did not appear in the BAM
[2020-11-07 15:35:12.840] [jointLog] [warning] Transcript gene-ND4L appears in the reference but did not appear in the BAM
[2020-11-07 15:35:12.840] [jointLog] [warning] Transcript gene-ND3 appears in the reference but did not appear in the BAM
[2020-11-07 15:35:12.840] [jointLog] [warning] Transcript gene-ATP8 appears in the reference but did not appear in the BAM
[2020-11-07 15:35:12.840] [jointLog] [warning] Transcript gene-COX1 appears in the reference but did not appear in the BAM
[2020-11-07 15:35:13.419] [jointLog] [info] replaced 2253 non-ACGT nucleotides with random nucleotides
[2020-11-07 15:35:13.646] [fileLog] [info] quantification processed 0 fragments so far

[2020-11-07 15:35:14.225] [fileLog] [info] quantification processed 1000000 fragments so far

[2020-11-07 15:35:15.271] [fileLog] [info] quantification processed 2000000 fragments so far

[2020-11-07 15:35:15.542] [jointLog] [info] 

The alignment group queue pool has been exhausted.  828520 extra fragments were allocated on the heap to saturate the pool.  No new fragments will be allocated


[2020-11-07 15:35:19.041] [fileLog] [info] quantification processed 2755536 fragments so far

[2020-11-07 15:35:34.910] [jointLog] [info] Thread saw mini-batch with a maximum of 4.70% zero probability fragments
[2020-11-07 15:35:34.915] [jointLog] [info] Thread saw mini-batch with a maximum of 5.00% zero probability fragments
[2020-11-07 15:35:34.924] [jointLog] [info] Thread saw mini-batch with a maximum of 5.20% zero probability fragments
[2020-11-07 15:35:34.928] [jointLog] [info] Thread saw mini-batch with a maximum of 4.90% zero probability fragments
[2020-11-07 15:35:34.928] [jointLog] [info] 


Completed first pass through the alignment file.
Total # of mapped reads : 2755536
# of uniquely mapped reads : 2100085
# ambiguously mapped reads : 655451



[2020-11-07 15:35:34.945] [jointLog] [info] Computed 23549 rich equivalence classes for further processing
[2020-11-07 15:35:34.945] [jointLog] [info] Counted 2670583 total reads in the equivalence classes 
[2020-11-07 15:35:34.948] [jointLog] [warning] Only 2755536 fragments were mapped, but the number of burn-in fragments was set to 5000000.
The effective lengths have been computed using the observed mappings.

[2020-11-07 15:35:34.951] [jointLog] [info] starting optimizer
[2020-11-07 15:35:34.962] [jointLog] [info] Marked 0 weighted equivalence classes as degenerate
[2020-11-07 15:35:34.963] [jointLog] [info] iteration = 0 | max rel diff. = 121.912
[2020-11-07 15:35:35.032] [jointLog] [info] iteration = 100 | max rel diff. = 0.117213
[2020-11-07 15:35:35.101] [jointLog] [info] iteration = 200 | max rel diff. = 0.056317
[2020-11-07 15:35:35.170] [jointLog] [info] iteration = 300 | max rel diff. = 0.0373062
[2020-11-07 15:35:35.240] [jointLog] [info] iteration = 400 | max rel diff. = 0.0278159
[2020-11-07 15:35:35.309] [jointLog] [info] iteration = 500 | max rel diff. = 0.0247116
[2020-11-07 15:35:35.379] [jointLog] [info] iteration = 600 | max rel diff. = 0.0207491
[2020-11-07 15:35:35.449] [jointLog] [info] iteration = 700 | max rel diff. = 0.0156455
[2020-11-07 15:35:35.519] [jointLog] [info] iteration = 800 | max rel diff. = 0.0152559
[2020-11-07 15:35:35.589] [jointLog] [info] iteration = 900 | max rel diff. = 0.0121214
[2020-11-07 15:35:35.660] [jointLog] [info] iteration = 1000 | max rel diff. = 0.0107653
[2020-11-07 15:35:35.731] [jointLog] [info] iteration = 1100 | max rel diff. = 0.010295
[2020-11-07 15:35:35.758] [jointLog] [info] iteration = 1139 | max rel diff. = 0.00953205
[2020-11-07 15:35:35.759] [jointLog] [info] finished optimizer
